2023-06-30 10:15:58.540  INFO 96340 --- [http-nio-8080-exec-2] RequestLogFilter                         : client ip = 0:0:0:0:0:0:0:1
2023-06-30 10:15:58.540  INFO 96340 --- [http-nio-8080-exec-2] RequestLogFilter                         : request method = POST
2023-06-30 10:15:58.540  INFO 96340 --- [http-nio-8080-exec-2] RequestLogFilter                         : request url = /auth
2023-06-30 10:15:58.541  INFO 96340 --- [http-nio-8080-exec-2] RequestLogFilter                         : client info = PostmanRuntime/7.32.3
2023-06-30 10:15:59.551  INFO 96340 --- [http-nio-8080-exec-2] RequestLogFilter                         : response status = 200
2023-06-30 10:16:06.743  INFO 96340 --- [http-nio-8080-exec-3] JwtTokenFilter                           : current user email = s22046@gsm.hs.kr
2023-06-30 10:16:06.744  INFO 96340 --- [http-nio-8080-exec-3] RequestLogFilter                         : client ip = 0:0:0:0:0:0:0:1
2023-06-30 10:16:06.744  INFO 96340 --- [http-nio-8080-exec-3] RequestLogFilter                         : request method = POST
2023-06-30 10:16:06.744  INFO 96340 --- [http-nio-8080-exec-3] RequestLogFilter                         : request url = /club/application/2
2023-06-30 10:16:06.744  INFO 96340 --- [http-nio-8080-exec-3] RequestLogFilter                         : client info = PostmanRuntime/7.32.3
2023-06-30 10:16:06.745  INFO 96340 --- [http-nio-8080-exec-3] RequestLogFilter                         : response status = 403
2023-06-30 10:16:54.337  INFO 96432 --- [http-nio-8080-exec-1] RequestLogFilter                         : client ip = 0:0:0:0:0:0:0:1
2023-06-30 10:16:54.338  INFO 96432 --- [http-nio-8080-exec-1] RequestLogFilter                         : request method = POST
2023-06-30 10:16:54.338  INFO 96432 --- [http-nio-8080-exec-1] RequestLogFilter                         : request url = /auth
2023-06-30 10:16:54.338  INFO 96432 --- [http-nio-8080-exec-1] RequestLogFilter                         : client info = PostmanRuntime/7.32.3
2023-06-30 10:16:55.190  INFO 96432 --- [http-nio-8080-exec-1] RequestLogFilter                         : response status = 200
2023-06-30 10:17:01.587  INFO 96432 --- [http-nio-8080-exec-3] JwtTokenFilter                           : current user email = s22046@gsm.hs.kr
2023-06-30 10:17:01.587  INFO 96432 --- [http-nio-8080-exec-3] RequestLogFilter                         : client ip = 0:0:0:0:0:0:0:1
2023-06-30 10:17:01.587  INFO 96432 --- [http-nio-8080-exec-3] RequestLogFilter                         : request method = POST
2023-06-30 10:17:01.587  INFO 96432 --- [http-nio-8080-exec-3] RequestLogFilter                         : request url = /club/application/2
2023-06-30 10:17:01.587  INFO 96432 --- [http-nio-8080-exec-3] RequestLogFilter                         : client info = PostmanRuntime/7.32.3
2023-06-30 10:17:01.652  INFO 96432 --- [http-nio-8080-exec-3] RequestLogFilter                         : response status = 201
2023-06-30 10:25:28.896  INFO 96807 --- [http-nio-8080-exec-1] RequestLogFilter                         : client ip = 0:0:0:0:0:0:0:1
2023-06-30 10:25:28.896  INFO 96807 --- [http-nio-8080-exec-1] RequestLogFilter                         : request method = POST
2023-06-30 10:25:28.896  INFO 96807 --- [http-nio-8080-exec-1] RequestLogFilter                         : request url = /auth
2023-06-30 10:25:28.896  INFO 96807 --- [http-nio-8080-exec-1] RequestLogFilter                         : client info = PostmanRuntime/7.32.3
2023-06-30 10:25:29.839  INFO 96807 --- [http-nio-8080-exec-1] RequestLogFilter                         : response status = 200
2023-06-30 10:25:36.768  INFO 96807 --- [http-nio-8080-exec-3] JwtTokenFilter                           : current user email = s22046@gsm.hs.kr
2023-06-30 10:25:36.769  INFO 96807 --- [http-nio-8080-exec-3] RequestLogFilter                         : client ip = 0:0:0:0:0:0:0:1
2023-06-30 10:25:36.769  INFO 96807 --- [http-nio-8080-exec-3] RequestLogFilter                         : request method = POST
2023-06-30 10:25:36.769  INFO 96807 --- [http-nio-8080-exec-3] RequestLogFilter                         : request url = /club/application/2
2023-06-30 10:25:36.769  INFO 96807 --- [http-nio-8080-exec-3] RequestLogFilter                         : client info = PostmanRuntime/7.32.3
2023-06-30 10:25:36.818  INFO 96807 --- [http-nio-8080-exec-3] RequestLogFilter                         : response status = 201
2023-06-30 11:25:42.466  INFO 99663 --- [http-nio-8080-exec-2] RequestLogFilter                         : client ip = 0:0:0:0:0:0:0:1
2023-06-30 11:25:42.466  INFO 99663 --- [http-nio-8080-exec-2] RequestLogFilter                         : request method = POST
2023-06-30 11:25:42.466  INFO 99663 --- [http-nio-8080-exec-2] RequestLogFilter                         : request url = /auth
2023-06-30 11:25:42.466  INFO 99663 --- [http-nio-8080-exec-2] RequestLogFilter                         : client info = PostmanRuntime/7.32.3
2023-06-30 11:25:43.508  INFO 99663 --- [http-nio-8080-exec-2] RequestLogFilter                         : response status = 200
2023-06-30 11:25:49.102  INFO 99663 --- [http-nio-8080-exec-3] JwtTokenFilter                           : current user email = s22046@gsm.hs.kr
2023-06-30 11:25:49.102  INFO 99663 --- [http-nio-8080-exec-3] RequestLogFilter                         : client ip = 0:0:0:0:0:0:0:1
2023-06-30 11:25:49.102  INFO 99663 --- [http-nio-8080-exec-3] RequestLogFilter                         : request method = POST
2023-06-30 11:25:49.102  INFO 99663 --- [http-nio-8080-exec-3] RequestLogFilter                         : request url = /club/application/2
2023-06-30 11:25:49.102  INFO 99663 --- [http-nio-8080-exec-3] RequestLogFilter                         : client info = PostmanRuntime/7.32.3
2023-06-30 11:25:49.119  INFO 99663 --- [http-nio-8080-exec-3] RequestLogFilter                         : response status = 500
