2024-03-14 11:01:48.429  INFO 19820 --- [http-nio-8080-exec-1] RequestLogFilter                         : client ip = 0:0:0:0:0:0:0:1
2024-03-14 11:01:48.429  INFO 19820 --- [http-nio-8080-exec-1] RequestLogFilter                         : request method = POST
2024-03-14 11:01:48.429  INFO 19820 --- [http-nio-8080-exec-1] RequestLogFilter                         : request url = /auth
2024-03-14 11:01:48.429  INFO 19820 --- [http-nio-8080-exec-1] RequestLogFilter                         : client info = PostmanRuntime/7.36.3
2024-03-14 11:01:49.349  INFO 19820 --- [http-nio-8080-exec-1] RequestLogFilter                         : response status = 200
2024-03-14 11:02:20.302  INFO 19820 --- [http-nio-8080-exec-3] JwtTokenFilter                           : current user email = s22059@gsm.hs.kr
2024-03-14 11:02:20.303  INFO 19820 --- [http-nio-8080-exec-3] RequestLogFilter                         : client ip = 0:0:0:0:0:0:0:1
2024-03-14 11:02:20.303  INFO 19820 --- [http-nio-8080-exec-3] RequestLogFilter                         : request method = GET
2024-03-14 11:02:20.303  INFO 19820 --- [http-nio-8080-exec-3] RequestLogFilter                         : request url = /attend/2
2024-03-14 11:02:20.303  INFO 19820 --- [http-nio-8080-exec-3] RequestLogFilter                         : client info = PostmanRuntime/7.36.3
2024-03-14 11:02:20.393  INFO 19820 --- [http-nio-8080-exec-3] RequestLogFilter                         : response status = 500
2024-03-14 12:20:55.532  INFO 20886 --- [http-nio-8080-exec-1] RequestLogFilter                         : client ip = 0:0:0:0:0:0:0:1
2024-03-14 12:20:55.532  INFO 20886 --- [http-nio-8080-exec-1] RequestLogFilter                         : request method = POST
2024-03-14 12:20:55.532  INFO 20886 --- [http-nio-8080-exec-1] RequestLogFilter                         : request url = /auth
2024-03-14 12:20:55.533  INFO 20886 --- [http-nio-8080-exec-1] RequestLogFilter                         : client info = PostmanRuntime/7.36.3
2024-03-14 12:20:56.504  INFO 20886 --- [http-nio-8080-exec-1] RequestLogFilter                         : response status = 200
2024-03-14 12:21:04.027  INFO 20886 --- [http-nio-8080-exec-3] JwtTokenFilter                           : current user email = s22059@gsm.hs.kr
2024-03-14 12:21:04.027  INFO 20886 --- [http-nio-8080-exec-3] RequestLogFilter                         : client ip = 0:0:0:0:0:0:0:1
2024-03-14 12:21:04.027  INFO 20886 --- [http-nio-8080-exec-3] RequestLogFilter                         : request method = POST
2024-03-14 12:21:04.027  INFO 20886 --- [http-nio-8080-exec-3] RequestLogFilter                         : request url = /attend/2/club
2024-03-14 12:21:04.027  INFO 20886 --- [http-nio-8080-exec-3] RequestLogFilter                         : client info = PostmanRuntime/7.36.3
2024-03-14 12:21:04.102  INFO 20886 --- [http-nio-8080-exec-3] RequestLogFilter                         : response status = 201
2024-03-14 12:21:27.922  INFO 20886 --- [http-nio-8080-exec-5] JwtTokenFilter                           : current user email = s22059@gsm.hs.kr
2024-03-14 12:21:27.923  INFO 20886 --- [http-nio-8080-exec-5] RequestLogFilter                         : client ip = 0:0:0:0:0:0:0:1
2024-03-14 12:21:27.923  INFO 20886 --- [http-nio-8080-exec-5] RequestLogFilter                         : request method = GET
2024-03-14 12:21:27.923  INFO 20886 --- [http-nio-8080-exec-5] RequestLogFilter                         : request url = /attend/3
2024-03-14 12:21:27.924  INFO 20886 --- [http-nio-8080-exec-5] RequestLogFilter                         : client info = PostmanRuntime/7.36.3
2024-03-14 12:21:27.947  INFO 20886 --- [http-nio-8080-exec-5] RequestLogFilter                         : response status = 404
2024-03-14 12:21:30.231  INFO 20886 --- [http-nio-8080-exec-7] JwtTokenFilter                           : current user email = s22059@gsm.hs.kr
2024-03-14 12:21:30.232  INFO 20886 --- [http-nio-8080-exec-7] RequestLogFilter                         : client ip = 0:0:0:0:0:0:0:1
2024-03-14 12:21:30.233  INFO 20886 --- [http-nio-8080-exec-7] RequestLogFilter                         : request method = GET
2024-03-14 12:21:30.233  INFO 20886 --- [http-nio-8080-exec-7] RequestLogFilter                         : request url = /attend/2
2024-03-14 12:21:30.233  INFO 20886 --- [http-nio-8080-exec-7] RequestLogFilter                         : client info = PostmanRuntime/7.36.3
2024-03-14 12:21:30.310  INFO 20886 --- [http-nio-8080-exec-7] RequestLogFilter                         : response status = 404
2024-03-14 12:23:27.334  INFO 20886 --- [http-nio-8080-exec-9] JwtTokenFilter                           : current user email = s22059@gsm.hs.kr
2024-03-14 12:23:27.335  INFO 20886 --- [http-nio-8080-exec-9] RequestLogFilter                         : client ip = 0:0:0:0:0:0:0:1
2024-03-14 12:23:27.335  INFO 20886 --- [http-nio-8080-exec-9] RequestLogFilter                         : request method = GET
2024-03-14 12:23:27.335  INFO 20886 --- [http-nio-8080-exec-9] RequestLogFilter                         : request url = /attend/2
2024-03-14 12:23:27.335  INFO 20886 --- [http-nio-8080-exec-9] RequestLogFilter                         : client info = PostmanRuntime/7.36.3
2024-03-14 12:23:27.351  INFO 20886 --- [http-nio-8080-exec-9] RequestLogFilter                         : response status = 400
2024-03-14 12:26:34.084  INFO 20886 --- [http-nio-8080-exec-10] JwtTokenFilter                           : current user email = s22059@gsm.hs.kr
2024-03-14 12:26:34.087  INFO 20886 --- [http-nio-8080-exec-10] RequestLogFilter                         : client ip = 0:0:0:0:0:0:0:1
2024-03-14 12:26:34.087  INFO 20886 --- [http-nio-8080-exec-10] RequestLogFilter                         : request method = GET
2024-03-14 12:26:34.087  INFO 20886 --- [http-nio-8080-exec-10] RequestLogFilter                         : request url = /attend/2
2024-03-14 12:26:34.087  INFO 20886 --- [http-nio-8080-exec-10] RequestLogFilter                         : client info = PostmanRuntime/7.36.3
2024-03-14 12:26:34.091  INFO 20886 --- [http-nio-8080-exec-10] RequestLogFilter                         : response status = 400
2024-03-14 12:26:51.463  INFO 20886 --- [http-nio-8080-exec-1] JwtTokenFilter                           : current user email = s22059@gsm.hs.kr
2024-03-14 12:26:51.464  INFO 20886 --- [http-nio-8080-exec-1] RequestLogFilter                         : client ip = 0:0:0:0:0:0:0:1
2024-03-14 12:26:51.465  INFO 20886 --- [http-nio-8080-exec-1] RequestLogFilter                         : request method = GET
2024-03-14 12:26:51.465  INFO 20886 --- [http-nio-8080-exec-1] RequestLogFilter                         : request url = /attend/2
2024-03-14 12:26:51.465  INFO 20886 --- [http-nio-8080-exec-1] RequestLogFilter                         : client info = PostmanRuntime/7.36.3
2024-03-14 12:26:51.468  INFO 20886 --- [http-nio-8080-exec-1] RequestLogFilter                         : response status = 400
2024-03-14 12:26:55.326  INFO 20886 --- [http-nio-8080-exec-5] JwtTokenFilter                           : current user email = s22059@gsm.hs.kr
2024-03-14 12:26:55.327  INFO 20886 --- [http-nio-8080-exec-5] RequestLogFilter                         : client ip = 0:0:0:0:0:0:0:1
2024-03-14 12:26:55.327  INFO 20886 --- [http-nio-8080-exec-5] RequestLogFilter                         : request method = GET
2024-03-14 12:26:55.327  INFO 20886 --- [http-nio-8080-exec-5] RequestLogFilter                         : request url = /attend/2
2024-03-14 12:26:55.327  INFO 20886 --- [http-nio-8080-exec-5] RequestLogFilter                         : client info = PostmanRuntime/7.36.3
2024-03-14 12:26:55.348  INFO 20886 --- [http-nio-8080-exec-5] RequestLogFilter                         : response status = 404
2024-03-14 12:27:47.104  INFO 20886 --- [http-nio-8080-exec-7] JwtTokenFilter                           : current user email = s22059@gsm.hs.kr
2024-03-14 12:27:47.106  INFO 20886 --- [http-nio-8080-exec-7] RequestLogFilter                         : client ip = 0:0:0:0:0:0:0:1
2024-03-14 12:27:47.107  INFO 20886 --- [http-nio-8080-exec-7] RequestLogFilter                         : request method = GET
2024-03-14 12:27:47.107  INFO 20886 --- [http-nio-8080-exec-7] RequestLogFilter                         : request url = /attend/2
2024-03-14 12:27:47.107  INFO 20886 --- [http-nio-8080-exec-7] RequestLogFilter                         : client info = PostmanRuntime/7.36.3
2024-03-14 12:27:47.110  INFO 20886 --- [http-nio-8080-exec-7] RequestLogFilter                         : response status = 400
2024-03-14 13:36:13.874  INFO 21124 --- [http-nio-8080-exec-3] RequestLogFilter                         : client ip = 0:0:0:0:0:0:0:1
2024-03-14 13:36:13.876  INFO 21124 --- [http-nio-8080-exec-3] RequestLogFilter                         : request method = POST
2024-03-14 13:36:13.876  INFO 21124 --- [http-nio-8080-exec-3] RequestLogFilter                         : request url = /auth
2024-03-14 13:36:13.876  INFO 21124 --- [http-nio-8080-exec-3] RequestLogFilter                         : client info = PostmanRuntime/7.36.3
2024-03-14 13:36:14.446  INFO 21124 --- [http-nio-8080-exec-3] RequestLogFilter                         : response status = 500
2024-03-14 13:36:41.414  INFO 21124 --- [http-nio-8080-exec-5] RequestLogFilter                         : client ip = 0:0:0:0:0:0:0:1
2024-03-14 13:36:41.420  INFO 21124 --- [http-nio-8080-exec-5] RequestLogFilter                         : request method = POST
2024-03-14 13:36:41.420  INFO 21124 --- [http-nio-8080-exec-5] RequestLogFilter                         : request url = /auth
2024-03-14 13:36:41.420  INFO 21124 --- [http-nio-8080-exec-5] RequestLogFilter                         : client info = PostmanRuntime/7.36.3
2024-03-14 13:36:42.319  INFO 21124 --- [http-nio-8080-exec-5] RequestLogFilter                         : response status = 200
2024-03-14 13:37:06.319  INFO 21124 --- [http-nio-8080-exec-6] JwtTokenFilter                           : current user email = s22059@gsm.hs.kr
2024-03-14 13:37:06.319  INFO 21124 --- [http-nio-8080-exec-6] RequestLogFilter                         : client ip = 0:0:0:0:0:0:0:1
2024-03-14 13:37:06.319  INFO 21124 --- [http-nio-8080-exec-6] RequestLogFilter                         : request method = GET
2024-03-14 13:37:06.319  INFO 21124 --- [http-nio-8080-exec-6] RequestLogFilter                         : request url = /attend/2
2024-03-14 13:37:06.319  INFO 21124 --- [http-nio-8080-exec-6] RequestLogFilter                         : client info = PostmanRuntime/7.36.3
2024-03-14 13:37:06.400  INFO 21124 --- [http-nio-8080-exec-6] RequestLogFilter                         : response status = 404
2024-03-14 13:51:29.985  INFO 21124 --- [http-nio-8080-exec-8] JwtTokenFilter                           : current user email = s22059@gsm.hs.kr
2024-03-14 13:51:29.987  INFO 21124 --- [http-nio-8080-exec-8] RequestLogFilter                         : client ip = 0:0:0:0:0:0:0:1
2024-03-14 13:51:29.987  INFO 21124 --- [http-nio-8080-exec-8] RequestLogFilter                         : request method = GET
2024-03-14 13:51:29.987  INFO 21124 --- [http-nio-8080-exec-8] RequestLogFilter                         : request url = /attend/2
2024-03-14 13:51:29.987  INFO 21124 --- [http-nio-8080-exec-8] RequestLogFilter                         : client info = PostmanRuntime/7.36.3
2024-03-14 13:51:29.999  INFO 21124 --- [http-nio-8080-exec-8] RequestLogFilter                         : response status = 404
2024-03-14 13:52:02.949  INFO 21124 --- [http-nio-8080-exec-10] JwtTokenFilter                           : current user email = s22059@gsm.hs.kr
2024-03-14 13:52:02.950  INFO 21124 --- [http-nio-8080-exec-10] RequestLogFilter                         : client ip = 0:0:0:0:0:0:0:1
2024-03-14 13:52:02.950  INFO 21124 --- [http-nio-8080-exec-10] RequestLogFilter                         : request method = GET
2024-03-14 13:52:02.950  INFO 21124 --- [http-nio-8080-exec-10] RequestLogFilter                         : request url = /attend/2
2024-03-14 13:52:02.950  INFO 21124 --- [http-nio-8080-exec-10] RequestLogFilter                         : client info = PostmanRuntime/7.36.3
2024-03-14 13:52:02.985  INFO 21124 --- [http-nio-8080-exec-10] RequestLogFilter                         : response status = 400
2024-03-14 13:53:53.225  INFO 21507 --- [http-nio-8080-exec-1] JwtTokenFilter                           : current user email = s22059@gsm.hs.kr
2024-03-14 13:53:53.225  INFO 21507 --- [http-nio-8080-exec-1] RequestLogFilter                         : client ip = 0:0:0:0:0:0:0:1
2024-03-14 13:53:53.225  INFO 21507 --- [http-nio-8080-exec-1] RequestLogFilter                         : request method = GET
2024-03-14 13:53:53.225  INFO 21507 --- [http-nio-8080-exec-1] RequestLogFilter                         : request url = /attend/2
2024-03-14 13:53:53.226  INFO 21507 --- [http-nio-8080-exec-1] RequestLogFilter                         : client info = PostmanRuntime/7.36.3
2024-03-14 13:53:53.342  INFO 21507 --- [http-nio-8080-exec-1] RequestLogFilter                         : response status = 500
2024-03-14 14:02:19.164  INFO 21507 --- [http-nio-8080-exec-4] JwtTokenFilter                           : current user email = s22059@gsm.hs.kr
2024-03-14 14:02:19.165  INFO 21507 --- [http-nio-8080-exec-4] RequestLogFilter                         : client ip = 0:0:0:0:0:0:0:1
2024-03-14 14:02:19.165  INFO 21507 --- [http-nio-8080-exec-4] RequestLogFilter                         : request method = GET
2024-03-14 14:02:19.165  INFO 21507 --- [http-nio-8080-exec-4] RequestLogFilter                         : request url = /attend/2
2024-03-14 14:02:19.165  INFO 21507 --- [http-nio-8080-exec-4] RequestLogFilter                         : client info = PostmanRuntime/7.36.3
2024-03-14 14:02:19.204  INFO 21507 --- [http-nio-8080-exec-4] RequestLogFilter                         : response status = 500
2024-03-14 14:02:37.876  INFO 21633 --- [http-nio-8080-exec-1] JwtTokenFilter                           : current user email = s22059@gsm.hs.kr
2024-03-14 14:02:37.876  INFO 21633 --- [http-nio-8080-exec-1] RequestLogFilter                         : client ip = 0:0:0:0:0:0:0:1
2024-03-14 14:02:37.876  INFO 21633 --- [http-nio-8080-exec-1] RequestLogFilter                         : request method = GET
2024-03-14 14:02:37.876  INFO 21633 --- [http-nio-8080-exec-1] RequestLogFilter                         : request url = /attend/2
2024-03-14 14:02:37.876  INFO 21633 --- [http-nio-8080-exec-1] RequestLogFilter                         : client info = PostmanRuntime/7.36.3
2024-03-14 14:02:37.986  INFO 21633 --- [http-nio-8080-exec-1] RequestLogFilter                         : response status = 500
2024-03-14 14:03:15.417  INFO 21689 --- [http-nio-8080-exec-2] JwtTokenFilter                           : current user email = s22059@gsm.hs.kr
2024-03-14 14:03:15.417  INFO 21689 --- [http-nio-8080-exec-2] RequestLogFilter                         : client ip = 0:0:0:0:0:0:0:1
2024-03-14 14:03:15.417  INFO 21689 --- [http-nio-8080-exec-2] RequestLogFilter                         : request method = GET
2024-03-14 14:03:15.418  INFO 21689 --- [http-nio-8080-exec-2] RequestLogFilter                         : request url = /attend/2
2024-03-14 14:03:15.418  INFO 21689 --- [http-nio-8080-exec-2] RequestLogFilter                         : client info = PostmanRuntime/7.36.3
2024-03-14 14:03:15.529  INFO 21689 --- [http-nio-8080-exec-2] RequestLogFilter                         : response status = 500
2024-03-14 14:03:55.649  INFO 21705 --- [http-nio-8080-exec-2] JwtTokenFilter                           : current user email = s22059@gsm.hs.kr
2024-03-14 14:03:55.649  INFO 21705 --- [http-nio-8080-exec-2] RequestLogFilter                         : client ip = 0:0:0:0:0:0:0:1
2024-03-14 14:03:55.649  INFO 21705 --- [http-nio-8080-exec-2] RequestLogFilter                         : request method = GET
2024-03-14 14:03:55.650  INFO 21705 --- [http-nio-8080-exec-2] RequestLogFilter                         : request url = /attend/2
2024-03-14 14:03:55.650  INFO 21705 --- [http-nio-8080-exec-2] RequestLogFilter                         : client info = PostmanRuntime/7.36.3
2024-03-14 14:03:55.789  INFO 21705 --- [http-nio-8080-exec-2] RequestLogFilter                         : response status = 200
2024-03-14 14:04:00.730  INFO 21705 --- [http-nio-8080-exec-3] JwtTokenFilter                           : current user email = s22059@gsm.hs.kr
2024-03-14 14:04:00.731  INFO 21705 --- [http-nio-8080-exec-3] RequestLogFilter                         : client ip = 0:0:0:0:0:0:0:1
2024-03-14 14:04:00.732  INFO 21705 --- [http-nio-8080-exec-3] RequestLogFilter                         : request method = GET
2024-03-14 14:04:00.733  INFO 21705 --- [http-nio-8080-exec-3] RequestLogFilter                         : request url = /attend/2
2024-03-14 14:04:00.733  INFO 21705 --- [http-nio-8080-exec-3] RequestLogFilter                         : client info = PostmanRuntime/7.36.3
2024-03-14 14:04:00.771  INFO 21705 --- [http-nio-8080-exec-3] RequestLogFilter                         : response status = 404
2024-03-14 14:08:44.499  INFO 21705 --- [http-nio-8080-exec-5] JwtTokenFilter                           : current user email = s22059@gsm.hs.kr
2024-03-14 14:08:44.501  INFO 21705 --- [http-nio-8080-exec-5] RequestLogFilter                         : client ip = 0:0:0:0:0:0:0:1
2024-03-14 14:08:44.501  INFO 21705 --- [http-nio-8080-exec-5] RequestLogFilter                         : request method = GET
2024-03-14 14:08:44.501  INFO 21705 --- [http-nio-8080-exec-5] RequestLogFilter                         : request url = /attend/2
2024-03-14 14:08:44.501  INFO 21705 --- [http-nio-8080-exec-5] RequestLogFilter                         : client info = PostmanRuntime/7.36.3
2024-03-14 14:08:44.530  INFO 21705 --- [http-nio-8080-exec-5] RequestLogFilter                         : response status = 404
2024-03-14 14:08:51.452  INFO 21705 --- [http-nio-8080-exec-7] JwtTokenFilter                           : current user email = s22059@gsm.hs.kr
2024-03-14 14:08:51.453  INFO 21705 --- [http-nio-8080-exec-7] RequestLogFilter                         : client ip = 0:0:0:0:0:0:0:1
2024-03-14 14:08:51.453  INFO 21705 --- [http-nio-8080-exec-7] RequestLogFilter                         : request method = GET
2024-03-14 14:08:51.453  INFO 21705 --- [http-nio-8080-exec-7] RequestLogFilter                         : request url = /attend/2
2024-03-14 14:08:51.454  INFO 21705 --- [http-nio-8080-exec-7] RequestLogFilter                         : client info = PostmanRuntime/7.36.3
2024-03-14 14:08:51.474  INFO 21705 --- [http-nio-8080-exec-7] RequestLogFilter                         : response status = 404
2024-03-14 14:10:19.390  INFO 21705 --- [http-nio-8080-exec-1] JwtTokenFilter                           : current user email = s22059@gsm.hs.kr
2024-03-14 14:10:19.391  INFO 21705 --- [http-nio-8080-exec-1] RequestLogFilter                         : client ip = 0:0:0:0:0:0:0:1
2024-03-14 14:10:19.392  INFO 21705 --- [http-nio-8080-exec-1] RequestLogFilter                         : request method = POST
2024-03-14 14:10:19.392  INFO 21705 --- [http-nio-8080-exec-1] RequestLogFilter                         : request url = /attend/2/club
2024-03-14 14:10:19.392  INFO 21705 --- [http-nio-8080-exec-1] RequestLogFilter                         : client info = PostmanRuntime/7.36.3
2024-03-14 14:10:19.515  INFO 21705 --- [http-nio-8080-exec-1] RequestLogFilter                         : response status = 201
2024-03-14 14:10:24.882  INFO 21705 --- [http-nio-8080-exec-2] JwtTokenFilter                           : current user email = s22059@gsm.hs.kr
2024-03-14 14:10:24.882  INFO 21705 --- [http-nio-8080-exec-2] RequestLogFilter                         : client ip = 0:0:0:0:0:0:0:1
2024-03-14 14:10:24.883  INFO 21705 --- [http-nio-8080-exec-2] RequestLogFilter                         : request method = GET
2024-03-14 14:10:24.883  INFO 21705 --- [http-nio-8080-exec-2] RequestLogFilter                         : request url = /attend/2
2024-03-14 14:10:24.883  INFO 21705 --- [http-nio-8080-exec-2] RequestLogFilter                         : client info = PostmanRuntime/7.36.3
2024-03-14 14:10:24.906  INFO 21705 --- [http-nio-8080-exec-2] RequestLogFilter                         : response status = 200
