2023-06-28 22:23:41.931  INFO 59759 --- [http-nio-8080-exec-2] RequestLogFilter                         : client ip = 0:0:0:0:0:0:0:1
2023-06-28 22:23:41.932  INFO 59759 --- [http-nio-8080-exec-2] RequestLogFilter                         : request method = POST
2023-06-28 22:23:41.932  INFO 59759 --- [http-nio-8080-exec-2] RequestLogFilter                         : request url = /auth/
2023-06-28 22:23:41.932  INFO 59759 --- [http-nio-8080-exec-2] RequestLogFilter                         : client info = PostmanRuntime/7.32.3
2023-06-28 22:23:41.969  INFO 59759 --- [http-nio-8080-exec-2] RequestLogFilter                         : response status = 401
2023-06-28 22:23:42.864  INFO 59759 --- [http-nio-8080-exec-3] RequestLogFilter                         : client ip = 0:0:0:0:0:0:0:1
2023-06-28 22:23:42.864  INFO 59759 --- [http-nio-8080-exec-3] RequestLogFilter                         : request method = POST
2023-06-28 22:23:42.864  INFO 59759 --- [http-nio-8080-exec-3] RequestLogFilter                         : request url = /auth
2023-06-28 22:23:42.865  INFO 59759 --- [http-nio-8080-exec-3] RequestLogFilter                         : client info = PostmanRuntime/7.32.3
2023-06-28 22:23:45.526  INFO 59759 --- [http-nio-8080-exec-3] RequestLogFilter                         : response status = 200
2023-06-28 22:23:57.214  INFO 59759 --- [http-nio-8080-exec-4] JwtTokenFilter                           : current user email = s22046@gsm.hs.kr
2023-06-28 22:23:57.214  INFO 59759 --- [http-nio-8080-exec-4] RequestLogFilter                         : client ip = 0:0:0:0:0:0:0:1
2023-06-28 22:23:57.215  INFO 59759 --- [http-nio-8080-exec-4] RequestLogFilter                         : request method = POST
2023-06-28 22:23:57.215  INFO 59759 --- [http-nio-8080-exec-4] RequestLogFilter                         : request url = /club/application/1
2023-06-28 22:23:57.215  INFO 59759 --- [http-nio-8080-exec-4] RequestLogFilter                         : client info = PostmanRuntime/7.32.3
2023-06-28 22:23:57.215  INFO 59759 --- [http-nio-8080-exec-4] RequestLogFilter                         : response status = 403
2023-06-28 22:25:00.033  INFO 59929 --- [http-nio-8080-exec-1] RequestLogFilter                         : client ip = 0:0:0:0:0:0:0:1
2023-06-28 22:25:00.033  INFO 59929 --- [http-nio-8080-exec-1] RequestLogFilter                         : request method = POST
2023-06-28 22:25:00.033  INFO 59929 --- [http-nio-8080-exec-1] RequestLogFilter                         : request url = /auth
2023-06-28 22:25:00.034  INFO 59929 --- [http-nio-8080-exec-1] RequestLogFilter                         : client info = PostmanRuntime/7.32.3
2023-06-28 22:25:01.045  INFO 59929 --- [http-nio-8080-exec-1] RequestLogFilter                         : response status = 200
2023-06-28 22:25:09.410  INFO 59929 --- [http-nio-8080-exec-3] JwtTokenFilter                           : current user email = s22046@gsm.hs.kr
2023-06-28 22:25:09.411  INFO 59929 --- [http-nio-8080-exec-3] RequestLogFilter                         : client ip = 0:0:0:0:0:0:0:1
2023-06-28 22:25:09.411  INFO 59929 --- [http-nio-8080-exec-3] RequestLogFilter                         : request method = POST
2023-06-28 22:25:09.411  INFO 59929 --- [http-nio-8080-exec-3] RequestLogFilter                         : request url = /club/application/1
2023-06-28 22:25:09.411  INFO 59929 --- [http-nio-8080-exec-3] RequestLogFilter                         : client info = PostmanRuntime/7.32.3
2023-06-28 22:25:09.429  INFO 59929 --- [http-nio-8080-exec-3] RequestLogFilter                         : response status = 500
2023-06-28 22:26:28.488  INFO 60035 --- [http-nio-8080-exec-2] RequestLogFilter                         : client ip = 0:0:0:0:0:0:0:1
2023-06-28 22:26:28.488  INFO 60035 --- [http-nio-8080-exec-2] RequestLogFilter                         : request method = POST
2023-06-28 22:26:28.488  INFO 60035 --- [http-nio-8080-exec-2] RequestLogFilter                         : request url = /auth
2023-06-28 22:26:28.488  INFO 60035 --- [http-nio-8080-exec-2] RequestLogFilter                         : client info = PostmanRuntime/7.32.3
2023-06-28 22:26:30.742  INFO 60035 --- [http-nio-8080-exec-2] RequestLogFilter                         : response status = 200
2023-06-28 22:26:39.046  INFO 60035 --- [http-nio-8080-exec-3] JwtTokenFilter                           : current user email = s22046@gsm.hs.kr
2023-06-28 22:26:39.047  INFO 60035 --- [http-nio-8080-exec-3] RequestLogFilter                         : client ip = 0:0:0:0:0:0:0:1
2023-06-28 22:26:39.047  INFO 60035 --- [http-nio-8080-exec-3] RequestLogFilter                         : request method = POST
2023-06-28 22:26:39.047  INFO 60035 --- [http-nio-8080-exec-3] RequestLogFilter                         : request url = /club/application/1
2023-06-28 22:26:39.047  INFO 60035 --- [http-nio-8080-exec-3] RequestLogFilter                         : client info = PostmanRuntime/7.32.3
2023-06-28 22:26:39.057  INFO 60035 --- [http-nio-8080-exec-3] RequestLogFilter                         : response status = 200
2023-06-28 22:27:27.079  INFO 60113 --- [http-nio-8080-exec-2] RequestLogFilter                         : client ip = 0:0:0:0:0:0:0:1
2023-06-28 22:27:27.079  INFO 60113 --- [http-nio-8080-exec-2] RequestLogFilter                         : request method = POST
2023-06-28 22:27:27.079  INFO 60113 --- [http-nio-8080-exec-2] RequestLogFilter                         : request url = /auth
2023-06-28 22:27:27.079  INFO 60113 --- [http-nio-8080-exec-2] RequestLogFilter                         : client info = PostmanRuntime/7.32.3
2023-06-28 22:27:27.968  INFO 60113 --- [http-nio-8080-exec-2] RequestLogFilter                         : response status = 200
2023-06-28 22:27:36.646  INFO 60113 --- [http-nio-8080-exec-3] JwtTokenFilter                           : current user email = s22046@gsm.hs.kr
2023-06-28 22:27:36.647  INFO 60113 --- [http-nio-8080-exec-3] RequestLogFilter                         : client ip = 0:0:0:0:0:0:0:1
2023-06-28 22:27:36.647  INFO 60113 --- [http-nio-8080-exec-3] RequestLogFilter                         : request method = POST
2023-06-28 22:27:36.647  INFO 60113 --- [http-nio-8080-exec-3] RequestLogFilter                         : request url = /club/application/1
2023-06-28 22:27:36.647  INFO 60113 --- [http-nio-8080-exec-3] RequestLogFilter                         : client info = PostmanRuntime/7.32.3
2023-06-28 22:27:36.679  INFO 60113 --- [http-nio-8080-exec-3] RequestLogFilter                         : response status = 404
2023-06-28 22:28:15.349  INFO 60113 --- [http-nio-8080-exec-4] JwtTokenFilter                           : current user email = s22046@gsm.hs.kr
2023-06-28 22:28:15.351  INFO 60113 --- [http-nio-8080-exec-4] RequestLogFilter                         : client ip = 0:0:0:0:0:0:0:1
2023-06-28 22:28:15.351  INFO 60113 --- [http-nio-8080-exec-4] RequestLogFilter                         : request method = POST
2023-06-28 22:28:15.351  INFO 60113 --- [http-nio-8080-exec-4] RequestLogFilter                         : request url = /club/application/2
2023-06-28 22:28:15.351  INFO 60113 --- [http-nio-8080-exec-4] RequestLogFilter                         : client info = PostmanRuntime/7.32.3
2023-06-28 22:28:15.434  INFO 60113 --- [http-nio-8080-exec-4] RequestLogFilter                         : response status = 200
2023-06-28 22:40:31.366  INFO 60264 --- [http-nio-8080-exec-5] RequestLogFilter                         : client ip = 0:0:0:0:0:0:0:1
2023-06-28 22:40:31.367  INFO 60264 --- [http-nio-8080-exec-5] RequestLogFilter                         : request method = GET
2023-06-28 22:40:31.367  INFO 60264 --- [http-nio-8080-exec-5] RequestLogFilter                         : request url = /login/oauth/code/gauth
2023-06-28 22:40:31.368  INFO 60264 --- [http-nio-8080-exec-5] RequestLogFilter                         : client info = Mozilla/5.0 (Macintosh; Intel Mac OS X 10_15_7) AppleWebKit/537.36 (KHTML, like Gecko) Chrome/114.0.0.0 Safari/537.36
2023-06-28 22:40:31.373  INFO 60264 --- [http-nio-8080-exec-5] RequestLogFilter                         : response status = 404
2023-06-28 22:50:14.613  INFO 61137 --- [http-nio-8080-exec-2] RequestLogFilter                         : client ip = 0:0:0:0:0:0:0:1
2023-06-28 22:50:14.613  INFO 61137 --- [http-nio-8080-exec-2] RequestLogFilter                         : request method = POST
2023-06-28 22:50:14.613  INFO 61137 --- [http-nio-8080-exec-2] RequestLogFilter                         : request url = /auth
2023-06-28 22:50:14.613  INFO 61137 --- [http-nio-8080-exec-2] RequestLogFilter                         : client info = PostmanRuntime/7.32.3
2023-06-28 22:50:15.778  INFO 61137 --- [http-nio-8080-exec-2] RequestLogFilter                         : response status = 200
2023-06-28 22:50:23.898  INFO 61137 --- [http-nio-8080-exec-3] JwtTokenFilter                           : current user email = s22046@gsm.hs.kr
2023-06-28 22:50:23.899  INFO 61137 --- [http-nio-8080-exec-3] RequestLogFilter                         : client ip = 0:0:0:0:0:0:0:1
2023-06-28 22:50:23.899  INFO 61137 --- [http-nio-8080-exec-3] RequestLogFilter                         : request method = POST
2023-06-28 22:50:23.899  INFO 61137 --- [http-nio-8080-exec-3] RequestLogFilter                         : request url = /club/application/2
2023-06-28 22:50:23.899  INFO 61137 --- [http-nio-8080-exec-3] RequestLogFilter                         : client info = PostmanRuntime/7.32.3
2023-06-28 22:50:23.920  INFO 61137 --- [http-nio-8080-exec-3] RequestLogFilter                         : response status = 404
2023-06-28 22:50:26.870  INFO 61137 --- [http-nio-8080-exec-4] JwtTokenFilter                           : current user email = s22046@gsm.hs.kr
2023-06-28 22:50:26.871  INFO 61137 --- [http-nio-8080-exec-4] RequestLogFilter                         : client ip = 0:0:0:0:0:0:0:1
2023-06-28 22:50:26.871  INFO 61137 --- [http-nio-8080-exec-4] RequestLogFilter                         : request method = POST
2023-06-28 22:50:26.871  INFO 61137 --- [http-nio-8080-exec-4] RequestLogFilter                         : request url = /club/application/1
2023-06-28 22:50:26.871  INFO 61137 --- [http-nio-8080-exec-4] RequestLogFilter                         : client info = PostmanRuntime/7.32.3
2023-06-28 22:50:26.914  INFO 61137 --- [http-nio-8080-exec-4] RequestLogFilter                         : response status = 200
2023-06-28 22:58:32.904  INFO 61568 --- [http-nio-8080-exec-2] RequestLogFilter                         : client ip = 0:0:0:0:0:0:0:1
2023-06-28 22:58:32.904  INFO 61568 --- [http-nio-8080-exec-2] RequestLogFilter                         : request method = POST
2023-06-28 22:58:32.904  INFO 61568 --- [http-nio-8080-exec-2] RequestLogFilter                         : request url = /auth
2023-06-28 22:58:32.904  INFO 61568 --- [http-nio-8080-exec-2] RequestLogFilter                         : client info = PostmanRuntime/7.32.3
2023-06-28 22:58:33.914  INFO 61568 --- [http-nio-8080-exec-2] RequestLogFilter                         : response status = 200
2023-06-28 22:58:40.691  INFO 61568 --- [http-nio-8080-exec-3] JwtTokenFilter                           : current user email = s22046@gsm.hs.kr
2023-06-28 22:58:40.692  INFO 61568 --- [http-nio-8080-exec-3] RequestLogFilter                         : client ip = 0:0:0:0:0:0:0:1
2023-06-28 22:58:40.692  INFO 61568 --- [http-nio-8080-exec-3] RequestLogFilter                         : request method = POST
2023-06-28 22:58:40.692  INFO 61568 --- [http-nio-8080-exec-3] RequestLogFilter                         : request url = /club/application/1
2023-06-28 22:58:40.692  INFO 61568 --- [http-nio-8080-exec-3] RequestLogFilter                         : client info = PostmanRuntime/7.32.3
2023-06-28 22:58:40.731  INFO 61568 --- [http-nio-8080-exec-3] RequestLogFilter                         : response status = 200
2023-06-28 22:58:41.952  INFO 61568 --- [http-nio-8080-exec-4] JwtTokenFilter                           : current user email = s22046@gsm.hs.kr
2023-06-28 22:58:41.952  INFO 61568 --- [http-nio-8080-exec-4] RequestLogFilter                         : client ip = 0:0:0:0:0:0:0:1
2023-06-28 22:58:41.952  INFO 61568 --- [http-nio-8080-exec-4] RequestLogFilter                         : request method = POST
2023-06-28 22:58:41.952  INFO 61568 --- [http-nio-8080-exec-4] RequestLogFilter                         : request url = /club/application/1
2023-06-28 22:58:41.953  INFO 61568 --- [http-nio-8080-exec-4] RequestLogFilter                         : client info = PostmanRuntime/7.32.3
2023-06-28 22:58:41.977  INFO 61568 --- [http-nio-8080-exec-4] RequestLogFilter                         : response status = 200
2023-06-28 22:59:07.683  INFO 61568 --- [http-nio-8080-exec-5] RequestLogFilter                         : client ip = 0:0:0:0:0:0:0:1
2023-06-28 22:59:07.686  INFO 61568 --- [http-nio-8080-exec-5] RequestLogFilter                         : request method = POST
2023-06-28 22:59:07.686  INFO 61568 --- [http-nio-8080-exec-5] RequestLogFilter                         : request url = /club/application/1
2023-06-28 22:59:07.686  INFO 61568 --- [http-nio-8080-exec-5] RequestLogFilter                         : client info = PostmanRuntime/7.32.3
2023-06-28 22:59:07.706  INFO 61568 --- [http-nio-8080-exec-5] RequestLogFilter                         : response status = 200
2023-06-28 22:59:20.605  INFO 61568 --- [http-nio-8080-exec-6] RequestLogFilter                         : client ip = 0:0:0:0:0:0:0:1
2023-06-28 22:59:20.606  INFO 61568 --- [http-nio-8080-exec-6] RequestLogFilter                         : request method = POST
2023-06-28 22:59:20.607  INFO 61568 --- [http-nio-8080-exec-6] RequestLogFilter                         : request url = /club/application/1
2023-06-28 22:59:20.607  INFO 61568 --- [http-nio-8080-exec-6] RequestLogFilter                         : client info = PostmanRuntime/7.32.3
2023-06-28 22:59:20.639  INFO 61568 --- [http-nio-8080-exec-6] RequestLogFilter                         : response status = 200
2023-06-28 22:59:20.932  INFO 61568 --- [http-nio-8080-exec-7] RequestLogFilter                         : client ip = 0:0:0:0:0:0:0:1
2023-06-28 22:59:20.933  INFO 61568 --- [http-nio-8080-exec-7] RequestLogFilter                         : request method = POST
2023-06-28 22:59:20.933  INFO 61568 --- [http-nio-8080-exec-7] RequestLogFilter                         : request url = /club/application/1
2023-06-28 22:59:20.933  INFO 61568 --- [http-nio-8080-exec-7] RequestLogFilter                         : client info = PostmanRuntime/7.32.3
2023-06-28 22:59:20.939  INFO 61568 --- [http-nio-8080-exec-7] RequestLogFilter                         : response status = 200
2023-06-28 23:00:10.121  INFO 61673 --- [http-nio-8080-exec-1] RequestLogFilter                         : client ip = 0:0:0:0:0:0:0:1
2023-06-28 23:00:10.121  INFO 61673 --- [http-nio-8080-exec-1] RequestLogFilter                         : request method = POST
2023-06-28 23:00:10.121  INFO 61673 --- [http-nio-8080-exec-1] RequestLogFilter                         : request url = /auth
2023-06-28 23:00:10.122  INFO 61673 --- [http-nio-8080-exec-1] RequestLogFilter                         : client info = PostmanRuntime/7.32.3
2023-06-28 23:00:10.150  INFO 61673 --- [http-nio-8080-exec-1] RequestLogFilter                         : response status = 401
2023-06-28 23:00:53.952  INFO 61746 --- [http-nio-8080-exec-1] RequestLogFilter                         : client ip = 0:0:0:0:0:0:0:1
2023-06-28 23:00:53.952  INFO 61746 --- [http-nio-8080-exec-1] RequestLogFilter                         : request method = POST
2023-06-28 23:00:53.952  INFO 61746 --- [http-nio-8080-exec-1] RequestLogFilter                         : request url = /auth
2023-06-28 23:00:53.952  INFO 61746 --- [http-nio-8080-exec-1] RequestLogFilter                         : client info = PostmanRuntime/7.32.3
2023-06-28 23:00:54.883  INFO 61746 --- [http-nio-8080-exec-1] RequestLogFilter                         : response status = 200
2023-06-28 23:01:05.200  INFO 61746 --- [http-nio-8080-exec-3] JwtTokenFilter                           : current user email = s22046@gsm.hs.kr
2023-06-28 23:01:05.201  INFO 61746 --- [http-nio-8080-exec-3] RequestLogFilter                         : client ip = 0:0:0:0:0:0:0:1
2023-06-28 23:01:05.201  INFO 61746 --- [http-nio-8080-exec-3] RequestLogFilter                         : request method = POST
2023-06-28 23:01:05.201  INFO 61746 --- [http-nio-8080-exec-3] RequestLogFilter                         : request url = /club/application/1
2023-06-28 23:01:05.201  INFO 61746 --- [http-nio-8080-exec-3] RequestLogFilter                         : client info = PostmanRuntime/7.32.3
2023-06-28 23:01:05.243  INFO 61746 --- [http-nio-8080-exec-3] RequestLogFilter                         : response status = 200
2023-06-28 23:01:06.297  INFO 61746 --- [http-nio-8080-exec-4] JwtTokenFilter                           : current user email = s22046@gsm.hs.kr
2023-06-28 23:01:06.298  INFO 61746 --- [http-nio-8080-exec-4] RequestLogFilter                         : client ip = 0:0:0:0:0:0:0:1
2023-06-28 23:01:06.298  INFO 61746 --- [http-nio-8080-exec-4] RequestLogFilter                         : request method = POST
2023-06-28 23:01:06.298  INFO 61746 --- [http-nio-8080-exec-4] RequestLogFilter                         : request url = /club/application/2
2023-06-28 23:01:06.298  INFO 61746 --- [http-nio-8080-exec-4] RequestLogFilter                         : client info = PostmanRuntime/7.32.3
2023-06-28 23:01:06.327  INFO 61746 --- [http-nio-8080-exec-4] RequestLogFilter                         : response status = 404
2023-06-28 23:01:07.238  INFO 61746 --- [http-nio-8080-exec-5] JwtTokenFilter                           : current user email = s22046@gsm.hs.kr
2023-06-28 23:01:07.239  INFO 61746 --- [http-nio-8080-exec-5] RequestLogFilter                         : client ip = 0:0:0:0:0:0:0:1
2023-06-28 23:01:07.239  INFO 61746 --- [http-nio-8080-exec-5] RequestLogFilter                         : request method = POST
2023-06-28 23:01:07.239  INFO 61746 --- [http-nio-8080-exec-5] RequestLogFilter                         : request url = /club/application/1
2023-06-28 23:01:07.239  INFO 61746 --- [http-nio-8080-exec-5] RequestLogFilter                         : client info = PostmanRuntime/7.32.3
2023-06-28 23:01:07.267  INFO 61746 --- [http-nio-8080-exec-5] RequestLogFilter                         : response status = 200
2023-06-28 23:04:08.297  INFO 61746 --- [http-nio-8080-exec-9] RequestLogFilter                         : client ip = 0:0:0:0:0:0:0:1
2023-06-28 23:04:08.298  INFO 61746 --- [http-nio-8080-exec-9] RequestLogFilter                         : request method = POST
2023-06-28 23:04:08.299  INFO 61746 --- [http-nio-8080-exec-9] RequestLogFilter                         : request url = /auth
2023-06-28 23:04:08.299  INFO 61746 --- [http-nio-8080-exec-9] RequestLogFilter                         : client info = PostmanRuntime/7.32.3
2023-06-28 23:04:08.940  INFO 61746 --- [http-nio-8080-exec-9] RequestLogFilter                         : response status = 200
2023-06-28 23:04:15.364  INFO 61746 --- [http-nio-8080-exec-10] JwtTokenFilter                           : current user email = s22046@gsm.hs.kr
2023-06-28 23:04:15.366  INFO 61746 --- [http-nio-8080-exec-10] RequestLogFilter                         : client ip = 0:0:0:0:0:0:0:1
2023-06-28 23:04:15.366  INFO 61746 --- [http-nio-8080-exec-10] RequestLogFilter                         : request method = POST
2023-06-28 23:04:15.366  INFO 61746 --- [http-nio-8080-exec-10] RequestLogFilter                         : request url = /club/application/1
2023-06-28 23:04:15.366  INFO 61746 --- [http-nio-8080-exec-10] RequestLogFilter                         : client info = PostmanRuntime/7.32.3
2023-06-28 23:04:15.385  INFO 61746 --- [http-nio-8080-exec-10] RequestLogFilter                         : response status = 200
