2023-06-29 08:25:59.105  INFO 62498 --- [http-nio-8080-exec-2] RequestLogFilter                         : client ip = 0:0:0:0:0:0:0:1
2023-06-29 08:25:59.105  INFO 62498 --- [http-nio-8080-exec-2] RequestLogFilter                         : request method = POST
2023-06-29 08:25:59.105  INFO 62498 --- [http-nio-8080-exec-2] RequestLogFilter                         : request url = /auth
2023-06-29 08:25:59.106  INFO 62498 --- [http-nio-8080-exec-2] RequestLogFilter                         : client info = PostmanRuntime/7.32.3
2023-06-29 08:26:00.331  INFO 62498 --- [http-nio-8080-exec-2] RequestLogFilter                         : response status = 200
2023-06-29 08:26:07.841  INFO 62498 --- [http-nio-8080-exec-3] JwtTokenFilter                           : current user email = s22046@gsm.hs.kr
2023-06-29 08:26:07.841  INFO 62498 --- [http-nio-8080-exec-3] RequestLogFilter                         : client ip = 0:0:0:0:0:0:0:1
2023-06-29 08:26:07.841  INFO 62498 --- [http-nio-8080-exec-3] RequestLogFilter                         : request method = POST
2023-06-29 08:26:07.841  INFO 62498 --- [http-nio-8080-exec-3] RequestLogFilter                         : request url = /club/application/1
2023-06-29 08:26:07.841  INFO 62498 --- [http-nio-8080-exec-3] RequestLogFilter                         : client info = PostmanRuntime/7.32.3
2023-06-29 08:26:07.887  INFO 62498 --- [http-nio-8080-exec-3] RequestLogFilter                         : response status = 200
2023-06-29 08:27:36.482  INFO 62619 --- [http-nio-8080-exec-2] RequestLogFilter                         : client ip = 0:0:0:0:0:0:0:1
2023-06-29 08:27:36.483  INFO 62619 --- [http-nio-8080-exec-2] RequestLogFilter                         : request method = POST
2023-06-29 08:27:36.483  INFO 62619 --- [http-nio-8080-exec-2] RequestLogFilter                         : request url = /auth
2023-06-29 08:27:36.483  INFO 62619 --- [http-nio-8080-exec-2] RequestLogFilter                         : client info = PostmanRuntime/7.32.3
2023-06-29 08:27:37.268  INFO 62619 --- [http-nio-8080-exec-2] RequestLogFilter                         : response status = 200
2023-06-29 08:27:44.774  INFO 62619 --- [http-nio-8080-exec-3] JwtTokenFilter                           : current user email = s22046@gsm.hs.kr
2023-06-29 08:27:44.775  INFO 62619 --- [http-nio-8080-exec-3] RequestLogFilter                         : client ip = 0:0:0:0:0:0:0:1
2023-06-29 08:27:44.775  INFO 62619 --- [http-nio-8080-exec-3] RequestLogFilter                         : request method = POST
2023-06-29 08:27:44.775  INFO 62619 --- [http-nio-8080-exec-3] RequestLogFilter                         : request url = /club/application/1
2023-06-29 08:27:44.775  INFO 62619 --- [http-nio-8080-exec-3] RequestLogFilter                         : client info = PostmanRuntime/7.32.3
2023-06-29 08:27:44.818  INFO 62619 --- [http-nio-8080-exec-3] RequestLogFilter                         : response status = 200
2023-06-29 08:28:35.415  INFO 62691 --- [http-nio-8080-exec-2] RequestLogFilter                         : client ip = 0:0:0:0:0:0:0:1
2023-06-29 08:28:35.415  INFO 62691 --- [http-nio-8080-exec-2] RequestLogFilter                         : request method = POST
2023-06-29 08:28:35.415  INFO 62691 --- [http-nio-8080-exec-2] RequestLogFilter                         : request url = /auth
2023-06-29 08:28:35.415  INFO 62691 --- [http-nio-8080-exec-2] RequestLogFilter                         : client info = PostmanRuntime/7.32.3
2023-06-29 08:28:36.399  INFO 62691 --- [http-nio-8080-exec-2] RequestLogFilter                         : response status = 200
2023-06-29 08:28:43.606  INFO 62691 --- [http-nio-8080-exec-3] JwtTokenFilter                           : current user email = s22046@gsm.hs.kr
2023-06-29 08:28:43.606  INFO 62691 --- [http-nio-8080-exec-3] RequestLogFilter                         : client ip = 0:0:0:0:0:0:0:1
2023-06-29 08:28:43.606  INFO 62691 --- [http-nio-8080-exec-3] RequestLogFilter                         : request method = POST
2023-06-29 08:28:43.606  INFO 62691 --- [http-nio-8080-exec-3] RequestLogFilter                         : request url = /club/application/1
2023-06-29 08:28:43.606  INFO 62691 --- [http-nio-8080-exec-3] RequestLogFilter                         : client info = PostmanRuntime/7.32.3
2023-06-29 08:28:43.652  INFO 62691 --- [http-nio-8080-exec-3] RequestLogFilter                         : response status = 200
2023-06-29 08:46:59.379  INFO 63287 --- [http-nio-8080-exec-2] JwtTokenFilter                           : current user email = s22046@gsm.hs.kr
2023-06-29 08:46:59.380  INFO 63287 --- [http-nio-8080-exec-2] RequestLogFilter                         : client ip = 0:0:0:0:0:0:0:1
2023-06-29 08:46:59.380  INFO 63287 --- [http-nio-8080-exec-2] RequestLogFilter                         : request method = POST
2023-06-29 08:46:59.380  INFO 63287 --- [http-nio-8080-exec-2] RequestLogFilter                         : request url = /club/application/1
2023-06-29 08:46:59.380  INFO 63287 --- [http-nio-8080-exec-2] RequestLogFilter                         : client info = PostmanRuntime/7.32.3
2023-06-29 08:46:59.464  INFO 63287 --- [http-nio-8080-exec-2] RequestLogFilter                         : response status = 200
2023-06-29 08:46:59.585  INFO 63287 --- [http-nio-8080-exec-3] JwtTokenFilter                           : current user email = s22046@gsm.hs.kr
2023-06-29 08:46:59.585  INFO 63287 --- [http-nio-8080-exec-3] RequestLogFilter                         : client ip = 0:0:0:0:0:0:0:1
2023-06-29 08:46:59.585  INFO 63287 --- [http-nio-8080-exec-3] RequestLogFilter                         : request method = POST
2023-06-29 08:46:59.585  INFO 63287 --- [http-nio-8080-exec-3] RequestLogFilter                         : request url = /club/application/1
2023-06-29 08:46:59.585  INFO 63287 --- [http-nio-8080-exec-3] RequestLogFilter                         : client info = PostmanRuntime/7.32.3
2023-06-29 08:46:59.591  INFO 63287 --- [http-nio-8080-exec-3] RequestLogFilter                         : response status = 200
2023-06-29 08:49:41.831  INFO 63547 --- [http-nio-8080-exec-2] RequestLogFilter                         : client ip = 0:0:0:0:0:0:0:1
2023-06-29 08:49:41.831  INFO 63547 --- [http-nio-8080-exec-2] RequestLogFilter                         : request method = POST
2023-06-29 08:49:41.831  INFO 63547 --- [http-nio-8080-exec-2] RequestLogFilter                         : request url = /auth
2023-06-29 08:49:41.832  INFO 63547 --- [http-nio-8080-exec-2] RequestLogFilter                         : client info = PostmanRuntime/7.32.3
2023-06-29 08:49:42.839  INFO 63547 --- [http-nio-8080-exec-2] RequestLogFilter                         : response status = 200
2023-06-29 08:49:49.500  INFO 63547 --- [http-nio-8080-exec-3] JwtTokenFilter                           : current user email = s22046@gsm.hs.kr
2023-06-29 08:49:49.501  INFO 63547 --- [http-nio-8080-exec-3] RequestLogFilter                         : client ip = 0:0:0:0:0:0:0:1
2023-06-29 08:49:49.501  INFO 63547 --- [http-nio-8080-exec-3] RequestLogFilter                         : request method = POST
2023-06-29 08:49:49.501  INFO 63547 --- [http-nio-8080-exec-3] RequestLogFilter                         : request url = /club/application/1
2023-06-29 08:49:49.502  INFO 63547 --- [http-nio-8080-exec-3] RequestLogFilter                         : client info = PostmanRuntime/7.32.3
2023-06-29 08:49:49.512  INFO 63547 --- [http-nio-8080-exec-3] RequestLogFilter                         : response status = 200
2023-06-29 08:52:43.891  INFO 63547 --- [http-nio-8080-exec-5] RequestLogFilter                         : client ip = 0:0:0:0:0:0:0:1
2023-06-29 08:52:43.892  INFO 63547 --- [http-nio-8080-exec-5] RequestLogFilter                         : request method = POST
2023-06-29 08:52:43.892  INFO 63547 --- [http-nio-8080-exec-5] RequestLogFilter                         : request url = /club/operation/1
2023-06-29 08:52:43.892  INFO 63547 --- [http-nio-8080-exec-5] RequestLogFilter                         : client info = PostmanRuntime/7.32.3
2023-06-29 08:52:43.918  INFO 63547 --- [http-nio-8080-exec-5] RequestLogFilter                         : response status = 401
2023-06-29 08:52:56.498  INFO 63547 --- [http-nio-8080-exec-7] JwtTokenFilter                           : current user email = s22046@gsm.hs.kr
2023-06-29 08:52:56.498  INFO 63547 --- [http-nio-8080-exec-7] RequestLogFilter                         : client ip = 0:0:0:0:0:0:0:1
2023-06-29 08:52:56.498  INFO 63547 --- [http-nio-8080-exec-7] RequestLogFilter                         : request method = POST
2023-06-29 08:52:56.498  INFO 63547 --- [http-nio-8080-exec-7] RequestLogFilter                         : request url = /club/operation/1
2023-06-29 08:52:56.498  INFO 63547 --- [http-nio-8080-exec-7] RequestLogFilter                         : client info = PostmanRuntime/7.32.3
2023-06-29 08:52:56.503  INFO 63547 --- [http-nio-8080-exec-7] RequestLogFilter                         : response status = 200
2023-06-29 08:54:58.685  INFO 63849 --- [http-nio-8080-exec-1] RequestLogFilter                         : client ip = 0:0:0:0:0:0:0:1
2023-06-29 08:54:58.686  INFO 63849 --- [http-nio-8080-exec-1] RequestLogFilter                         : request method = POST
2023-06-29 08:54:58.686  INFO 63849 --- [http-nio-8080-exec-1] RequestLogFilter                         : request url = /auth
2023-06-29 08:54:58.686  INFO 63849 --- [http-nio-8080-exec-1] RequestLogFilter                         : client info = PostmanRuntime/7.32.3
2023-06-29 08:54:59.600  INFO 63849 --- [http-nio-8080-exec-1] RequestLogFilter                         : response status = 200
2023-06-29 08:55:05.355  INFO 63849 --- [http-nio-8080-exec-3] JwtTokenFilter                           : current user email = s22046@gsm.hs.kr
2023-06-29 08:55:05.356  INFO 63849 --- [http-nio-8080-exec-3] RequestLogFilter                         : client ip = 0:0:0:0:0:0:0:1
2023-06-29 08:55:05.356  INFO 63849 --- [http-nio-8080-exec-3] RequestLogFilter                         : request method = POST
2023-06-29 08:55:05.356  INFO 63849 --- [http-nio-8080-exec-3] RequestLogFilter                         : request url = /club/application/1
2023-06-29 08:55:05.356  INFO 63849 --- [http-nio-8080-exec-3] RequestLogFilter                         : client info = PostmanRuntime/7.32.3
2023-06-29 08:55:05.370  INFO 63849 --- [http-nio-8080-exec-3] RequestLogFilter                         : response status = 200
2023-06-29 08:56:41.050  INFO 63984 --- [http-nio-8080-exec-1] RequestLogFilter                         : client ip = 0:0:0:0:0:0:0:1
2023-06-29 08:56:41.050  INFO 63984 --- [http-nio-8080-exec-1] RequestLogFilter                         : request method = POST
2023-06-29 08:56:41.050  INFO 63984 --- [http-nio-8080-exec-1] RequestLogFilter                         : request url = /auth
2023-06-29 08:56:41.051  INFO 63984 --- [http-nio-8080-exec-1] RequestLogFilter                         : client info = PostmanRuntime/7.32.3
2023-06-29 08:56:41.859  INFO 63984 --- [http-nio-8080-exec-1] RequestLogFilter                         : response status = 200
2023-06-29 08:56:48.561  INFO 63984 --- [http-nio-8080-exec-3] JwtTokenFilter                           : current user email = s22046@gsm.hs.kr
2023-06-29 08:56:48.562  INFO 63984 --- [http-nio-8080-exec-3] RequestLogFilter                         : client ip = 0:0:0:0:0:0:0:1
2023-06-29 08:56:48.562  INFO 63984 --- [http-nio-8080-exec-3] RequestLogFilter                         : request method = POST
2023-06-29 08:56:48.562  INFO 63984 --- [http-nio-8080-exec-3] RequestLogFilter                         : request url = /club/application/1
2023-06-29 08:56:48.562  INFO 63984 --- [http-nio-8080-exec-3] RequestLogFilter                         : client info = PostmanRuntime/7.32.3
2023-06-29 08:56:48.614  INFO 63984 --- [http-nio-8080-exec-3] RequestLogFilter                         : response status = 200
2023-06-29 08:58:30.344  INFO 63984 --- [http-nio-8080-exec-6] JwtTokenFilter                           : current user email = s22046@gsm.hs.kr
2023-06-29 08:58:30.345  INFO 63984 --- [http-nio-8080-exec-6] RequestLogFilter                         : client ip = 0:0:0:0:0:0:0:1
2023-06-29 08:58:30.345  INFO 63984 --- [http-nio-8080-exec-6] RequestLogFilter                         : request method = POST
2023-06-29 08:58:30.345  INFO 63984 --- [http-nio-8080-exec-6] RequestLogFilter                         : request url = /club/application/1
2023-06-29 08:58:30.346  INFO 63984 --- [http-nio-8080-exec-6] RequestLogFilter                         : client info = PostmanRuntime/7.32.3
2023-06-29 08:58:30.355  INFO 63984 --- [http-nio-8080-exec-6] RequestLogFilter                         : response status = 400
2023-06-29 09:00:04.732  INFO 63984 --- [http-nio-8080-exec-7] JwtTokenFilter                           : current user email = s22046@gsm.hs.kr
2023-06-29 09:00:04.734  INFO 63984 --- [http-nio-8080-exec-7] RequestLogFilter                         : client ip = 0:0:0:0:0:0:0:1
2023-06-29 09:00:04.734  INFO 63984 --- [http-nio-8080-exec-7] RequestLogFilter                         : request method = POST
2023-06-29 09:00:04.735  INFO 63984 --- [http-nio-8080-exec-7] RequestLogFilter                         : request url = /club/application/1
2023-06-29 09:00:04.735  INFO 63984 --- [http-nio-8080-exec-7] RequestLogFilter                         : client info = PostmanRuntime/7.32.3
2023-06-29 09:00:04.738  INFO 63984 --- [http-nio-8080-exec-7] RequestLogFilter                         : response status = 400
2023-06-29 09:00:33.799  INFO 63984 --- [http-nio-8080-exec-10] JwtTokenFilter                           : current user email = s22046@gsm.hs.kr
2023-06-29 09:00:33.800  INFO 63984 --- [http-nio-8080-exec-10] RequestLogFilter                         : client ip = 0:0:0:0:0:0:0:1
2023-06-29 09:00:33.801  INFO 63984 --- [http-nio-8080-exec-10] RequestLogFilter                         : request method = POST
2023-06-29 09:00:33.801  INFO 63984 --- [http-nio-8080-exec-10] RequestLogFilter                         : request url = /club/application/1
2023-06-29 09:00:33.801  INFO 63984 --- [http-nio-8080-exec-10] RequestLogFilter                         : client info = PostmanRuntime/7.32.3
2023-06-29 09:00:33.805  INFO 63984 --- [http-nio-8080-exec-10] RequestLogFilter                         : response status = 400
2023-06-29 09:00:39.888  INFO 63984 --- [http-nio-8080-exec-2] JwtTokenFilter                           : current user email = s22046@gsm.hs.kr
2023-06-29 09:00:39.888  INFO 63984 --- [http-nio-8080-exec-2] RequestLogFilter                         : client ip = 0:0:0:0:0:0:0:1
2023-06-29 09:00:39.888  INFO 63984 --- [http-nio-8080-exec-2] RequestLogFilter                         : request method = POST
2023-06-29 09:00:39.889  INFO 63984 --- [http-nio-8080-exec-2] RequestLogFilter                         : request url = /club
2023-06-29 09:00:39.889  INFO 63984 --- [http-nio-8080-exec-2] RequestLogFilter                         : client info = PostmanRuntime/7.32.3
2023-06-29 09:00:39.915  INFO 63984 --- [http-nio-8080-exec-2] RequestLogFilter                         : response status = 400
2023-06-29 09:01:56.642  INFO 63984 --- [http-nio-8080-exec-4] JwtTokenFilter                           : current user email = s22046@gsm.hs.kr
2023-06-29 09:01:56.643  INFO 63984 --- [http-nio-8080-exec-4] RequestLogFilter                         : client ip = 0:0:0:0:0:0:0:1
2023-06-29 09:01:56.643  INFO 63984 --- [http-nio-8080-exec-4] RequestLogFilter                         : request method = POST
2023-06-29 09:01:56.643  INFO 63984 --- [http-nio-8080-exec-4] RequestLogFilter                         : request url = /club
2023-06-29 09:01:56.643  INFO 63984 --- [http-nio-8080-exec-4] RequestLogFilter                         : client info = PostmanRuntime/7.32.3
2023-06-29 09:01:56.678  INFO 63984 --- [http-nio-8080-exec-4] RequestLogFilter                         : response status = 400
2023-06-29 09:03:55.985  INFO 63984 --- [http-nio-8080-exec-6] JwtTokenFilter                           : current user email = s22046@gsm.hs.kr
2023-06-29 09:03:55.987  INFO 63984 --- [http-nio-8080-exec-6] RequestLogFilter                         : client ip = 0:0:0:0:0:0:0:1
2023-06-29 09:03:55.987  INFO 63984 --- [http-nio-8080-exec-6] RequestLogFilter                         : request method = POST
2023-06-29 09:03:55.987  INFO 63984 --- [http-nio-8080-exec-6] RequestLogFilter                         : request url = /club
2023-06-29 09:03:55.988  INFO 63984 --- [http-nio-8080-exec-6] RequestLogFilter                         : client info = PostmanRuntime/7.32.3
2023-06-29 09:03:56.063  INFO 63984 --- [http-nio-8080-exec-6] RequestLogFilter                         : response status = 404
2023-06-29 09:05:26.968  INFO 63984 --- [http-nio-8080-exec-9] JwtTokenFilter                           : current user email = s22046@gsm.hs.kr
2023-06-29 09:05:26.969  INFO 63984 --- [http-nio-8080-exec-9] RequestLogFilter                         : client ip = 0:0:0:0:0:0:0:1
2023-06-29 09:05:26.969  INFO 63984 --- [http-nio-8080-exec-9] RequestLogFilter                         : request method = POST
2023-06-29 09:05:26.969  INFO 63984 --- [http-nio-8080-exec-9] RequestLogFilter                         : request url = /club
2023-06-29 09:05:26.969  INFO 63984 --- [http-nio-8080-exec-9] RequestLogFilter                         : client info = PostmanRuntime/7.32.3
2023-06-29 09:05:26.990  INFO 63984 --- [http-nio-8080-exec-9] RequestLogFilter                         : response status = 404
2023-06-29 09:06:16.963  INFO 63984 --- [http-nio-8080-exec-10] JwtTokenFilter                           : current user email = s22046@gsm.hs.kr
2023-06-29 09:06:16.966  INFO 63984 --- [http-nio-8080-exec-10] RequestLogFilter                         : client ip = 0:0:0:0:0:0:0:1
2023-06-29 09:06:16.966  INFO 63984 --- [http-nio-8080-exec-10] RequestLogFilter                         : request method = POST
2023-06-29 09:06:16.967  INFO 63984 --- [http-nio-8080-exec-10] RequestLogFilter                         : request url = /club
2023-06-29 09:06:16.969  INFO 63984 --- [http-nio-8080-exec-10] RequestLogFilter                         : client info = PostmanRuntime/7.32.3
2023-06-29 09:06:16.999  INFO 63984 --- [http-nio-8080-exec-10] RequestLogFilter                         : response status = 404
2023-06-29 09:11:17.067  INFO 64890 --- [http-nio-8080-exec-1] RequestLogFilter                         : client ip = 0:0:0:0:0:0:0:1
2023-06-29 09:11:17.067  INFO 64890 --- [http-nio-8080-exec-1] RequestLogFilter                         : request method = POST
2023-06-29 09:11:17.067  INFO 64890 --- [http-nio-8080-exec-1] RequestLogFilter                         : request url = /auth
2023-06-29 09:11:17.067  INFO 64890 --- [http-nio-8080-exec-1] RequestLogFilter                         : client info = PostmanRuntime/7.32.3
2023-06-29 09:11:17.896  INFO 64890 --- [http-nio-8080-exec-1] RequestLogFilter                         : response status = 200
2023-06-29 09:11:25.477  INFO 64890 --- [http-nio-8080-exec-3] JwtTokenFilter                           : current user email = s22046@gsm.hs.kr
2023-06-29 09:11:25.478  INFO 64890 --- [http-nio-8080-exec-3] RequestLogFilter                         : client ip = 0:0:0:0:0:0:0:1
2023-06-29 09:11:25.478  INFO 64890 --- [http-nio-8080-exec-3] RequestLogFilter                         : request method = POST
2023-06-29 09:11:25.478  INFO 64890 --- [http-nio-8080-exec-3] RequestLogFilter                         : request url = /club/application/1
2023-06-29 09:11:25.478  INFO 64890 --- [http-nio-8080-exec-3] RequestLogFilter                         : client info = PostmanRuntime/7.32.3
2023-06-29 09:11:25.521  INFO 64890 --- [http-nio-8080-exec-3] RequestLogFilter                         : response status = 200
2023-06-29 09:11:39.284  INFO 64890 --- [http-nio-8080-exec-4] JwtTokenFilter                           : current user email = s22046@gsm.hs.kr
2023-06-29 09:11:39.285  INFO 64890 --- [http-nio-8080-exec-4] RequestLogFilter                         : client ip = 0:0:0:0:0:0:0:1
2023-06-29 09:11:39.285  INFO 64890 --- [http-nio-8080-exec-4] RequestLogFilter                         : request method = POST
2023-06-29 09:11:39.285  INFO 64890 --- [http-nio-8080-exec-4] RequestLogFilter                         : request url = /club
2023-06-29 09:11:39.285  INFO 64890 --- [http-nio-8080-exec-4] RequestLogFilter                         : client info = PostmanRuntime/7.32.3
2023-06-29 09:11:39.353  INFO 64890 --- [http-nio-8080-exec-4] RequestLogFilter                         : response status = 404
2023-06-29 09:12:09.209  INFO 64890 --- [http-nio-8080-exec-5] JwtTokenFilter                           : current user email = s22046@gsm.hs.kr
2023-06-29 09:12:09.210  INFO 64890 --- [http-nio-8080-exec-5] RequestLogFilter                         : client ip = 0:0:0:0:0:0:0:1
2023-06-29 09:12:09.211  INFO 64890 --- [http-nio-8080-exec-5] RequestLogFilter                         : request method = POST
2023-06-29 09:12:09.211  INFO 64890 --- [http-nio-8080-exec-5] RequestLogFilter                         : request url = /club
2023-06-29 09:12:09.211  INFO 64890 --- [http-nio-8080-exec-5] RequestLogFilter                         : client info = PostmanRuntime/7.32.3
2023-06-29 09:12:09.258  INFO 64890 --- [http-nio-8080-exec-5] RequestLogFilter                         : response status = 404
2023-06-29 09:14:25.795  INFO 65084 --- [http-nio-8080-exec-2] RequestLogFilter                         : client ip = 0:0:0:0:0:0:0:1
2023-06-29 09:14:25.795  INFO 65084 --- [http-nio-8080-exec-2] RequestLogFilter                         : request method = POST
2023-06-29 09:14:25.795  INFO 65084 --- [http-nio-8080-exec-2] RequestLogFilter                         : request url = /auth
2023-06-29 09:14:25.795  INFO 65084 --- [http-nio-8080-exec-2] RequestLogFilter                         : client info = PostmanRuntime/7.32.3
2023-06-29 09:14:26.603  INFO 65084 --- [http-nio-8080-exec-2] RequestLogFilter                         : response status = 200
2023-06-29 09:14:33.498  INFO 65084 --- [http-nio-8080-exec-3] JwtTokenFilter                           : current user email = s22046@gsm.hs.kr
2023-06-29 09:14:33.499  INFO 65084 --- [http-nio-8080-exec-3] RequestLogFilter                         : client ip = 0:0:0:0:0:0:0:1
2023-06-29 09:14:33.499  INFO 65084 --- [http-nio-8080-exec-3] RequestLogFilter                         : request method = POST
2023-06-29 09:14:33.499  INFO 65084 --- [http-nio-8080-exec-3] RequestLogFilter                         : request url = /club/application/1
2023-06-29 09:14:33.499  INFO 65084 --- [http-nio-8080-exec-3] RequestLogFilter                         : client info = PostmanRuntime/7.32.3
2023-06-29 09:14:33.558  INFO 65084 --- [http-nio-8080-exec-3] RequestLogFilter                         : response status = 200
2023-06-29 09:14:38.494  INFO 65084 --- [http-nio-8080-exec-4] JwtTokenFilter                           : current user email = s22046@gsm.hs.kr
2023-06-29 09:14:38.494  INFO 65084 --- [http-nio-8080-exec-4] RequestLogFilter                         : client ip = 0:0:0:0:0:0:0:1
2023-06-29 09:14:38.494  INFO 65084 --- [http-nio-8080-exec-4] RequestLogFilter                         : request method = POST
2023-06-29 09:14:38.494  INFO 65084 --- [http-nio-8080-exec-4] RequestLogFilter                         : request url = /club
2023-06-29 09:14:38.494  INFO 65084 --- [http-nio-8080-exec-4] RequestLogFilter                         : client info = PostmanRuntime/7.32.3
2023-06-29 09:14:38.560  INFO 65084 --- [http-nio-8080-exec-4] RequestLogFilter                         : response status = 404
2023-06-29 09:16:27.792  INFO 65084 --- [http-nio-8080-exec-7] JwtTokenFilter                           : current user email = s22046@gsm.hs.kr
2023-06-29 09:16:27.796  INFO 65084 --- [http-nio-8080-exec-7] RequestLogFilter                         : client ip = 0:0:0:0:0:0:0:1
2023-06-29 09:16:27.797  INFO 65084 --- [http-nio-8080-exec-7] RequestLogFilter                         : request method = POST
2023-06-29 09:16:27.797  INFO 65084 --- [http-nio-8080-exec-7] RequestLogFilter                         : request url = /club
2023-06-29 09:16:27.797  INFO 65084 --- [http-nio-8080-exec-7] RequestLogFilter                         : client info = PostmanRuntime/7.32.3
2023-06-29 09:16:27.841  INFO 65084 --- [http-nio-8080-exec-7] RequestLogFilter                         : response status = 200
2023-06-29 09:22:21.290  INFO 65493 --- [http-nio-8080-exec-2] RequestLogFilter                         : client ip = 0:0:0:0:0:0:0:1
2023-06-29 09:22:21.291  INFO 65493 --- [http-nio-8080-exec-2] RequestLogFilter                         : request method = POST
2023-06-29 09:22:21.291  INFO 65493 --- [http-nio-8080-exec-2] RequestLogFilter                         : request url = /auth
2023-06-29 09:22:21.291  INFO 65493 --- [http-nio-8080-exec-2] RequestLogFilter                         : client info = PostmanRuntime/7.32.3
2023-06-29 09:22:22.193  INFO 65493 --- [http-nio-8080-exec-2] RequestLogFilter                         : response status = 200
2023-06-29 09:22:40.978  INFO 65493 --- [http-nio-8080-exec-3] JwtTokenFilter                           : current user email = s22046@gsm.hs.kr
2023-06-29 09:22:40.979  INFO 65493 --- [http-nio-8080-exec-3] RequestLogFilter                         : client ip = 0:0:0:0:0:0:0:1
2023-06-29 09:22:40.979  INFO 65493 --- [http-nio-8080-exec-3] RequestLogFilter                         : request method = POST
2023-06-29 09:22:40.979  INFO 65493 --- [http-nio-8080-exec-3] RequestLogFilter                         : request url = /club
2023-06-29 09:22:40.979  INFO 65493 --- [http-nio-8080-exec-3] RequestLogFilter                         : client info = PostmanRuntime/7.32.3
2023-06-29 09:22:41.050  INFO 65493 --- [http-nio-8080-exec-3] RequestLogFilter                         : response status = 404
2023-06-29 09:22:47.419  INFO 65493 --- [http-nio-8080-exec-4] JwtTokenFilter                           : current user email = s22046@gsm.hs.kr
2023-06-29 09:22:47.420  INFO 65493 --- [http-nio-8080-exec-4] RequestLogFilter                         : client ip = 0:0:0:0:0:0:0:1
2023-06-29 09:22:47.420  INFO 65493 --- [http-nio-8080-exec-4] RequestLogFilter                         : request method = POST
2023-06-29 09:22:47.420  INFO 65493 --- [http-nio-8080-exec-4] RequestLogFilter                         : request url = /club
2023-06-29 09:22:47.420  INFO 65493 --- [http-nio-8080-exec-4] RequestLogFilter                         : client info = PostmanRuntime/7.32.3
2023-06-29 09:22:47.469  INFO 65493 --- [http-nio-8080-exec-4] RequestLogFilter                         : response status = 404
2023-06-29 09:22:53.896  INFO 65493 --- [http-nio-8080-exec-5] JwtTokenFilter                           : current user email = s22046@gsm.hs.kr
2023-06-29 09:22:53.897  INFO 65493 --- [http-nio-8080-exec-5] RequestLogFilter                         : client ip = 0:0:0:0:0:0:0:1
2023-06-29 09:22:53.898  INFO 65493 --- [http-nio-8080-exec-5] RequestLogFilter                         : request method = POST
2023-06-29 09:22:53.900  INFO 65493 --- [http-nio-8080-exec-5] RequestLogFilter                         : request url = /club
2023-06-29 09:22:53.900  INFO 65493 --- [http-nio-8080-exec-5] RequestLogFilter                         : client info = PostmanRuntime/7.32.3
2023-06-29 09:22:54.907  INFO 65493 --- [http-nio-8080-exec-5] RequestLogFilter                         : response status = 200
2023-06-29 15:40:25.084  INFO 76238 --- [http-nio-8080-exec-2] RequestLogFilter                         : client ip = 0:0:0:0:0:0:0:1
2023-06-29 15:40:25.084  INFO 76238 --- [http-nio-8080-exec-2] RequestLogFilter                         : request method = POST
2023-06-29 15:40:25.084  INFO 76238 --- [http-nio-8080-exec-2] RequestLogFilter                         : request url = /auth
2023-06-29 15:40:25.085  INFO 76238 --- [http-nio-8080-exec-2] RequestLogFilter                         : client info = PostmanRuntime/7.32.3
2023-06-29 15:40:26.014  INFO 76238 --- [http-nio-8080-exec-2] RequestLogFilter                         : response status = 200
2023-06-29 15:40:34.275  INFO 76238 --- [http-nio-8080-exec-3] JwtTokenFilter                           : current user email = s22046@gsm.hs.kr
2023-06-29 15:40:34.276  INFO 76238 --- [http-nio-8080-exec-3] RequestLogFilter                         : client ip = 0:0:0:0:0:0:0:1
2023-06-29 15:40:34.276  INFO 76238 --- [http-nio-8080-exec-3] RequestLogFilter                         : request method = POST
2023-06-29 15:40:34.276  INFO 76238 --- [http-nio-8080-exec-3] RequestLogFilter                         : request url = /club/application/1
2023-06-29 15:40:34.276  INFO 76238 --- [http-nio-8080-exec-3] RequestLogFilter                         : client info = PostmanRuntime/7.32.3
2023-06-29 15:40:34.324  INFO 76238 --- [http-nio-8080-exec-3] RequestLogFilter                         : response status = 200
2023-06-29 15:44:45.708  INFO 76504 --- [http-nio-8080-exec-1] RequestLogFilter                         : client ip = 0:0:0:0:0:0:0:1
2023-06-29 15:44:45.709  INFO 76504 --- [http-nio-8080-exec-1] RequestLogFilter                         : request method = POST
2023-06-29 15:44:45.709  INFO 76504 --- [http-nio-8080-exec-1] RequestLogFilter                         : request url = /auth
2023-06-29 15:44:45.709  INFO 76504 --- [http-nio-8080-exec-1] RequestLogFilter                         : client info = PostmanRuntime/7.32.3
2023-06-29 15:44:46.458  INFO 76504 --- [http-nio-8080-exec-1] RequestLogFilter                         : response status = 200
2023-06-29 15:44:52.485  INFO 76504 --- [http-nio-8080-exec-3] JwtTokenFilter                           : current user email = s22046@gsm.hs.kr
2023-06-29 15:44:52.485  INFO 76504 --- [http-nio-8080-exec-3] RequestLogFilter                         : client ip = 0:0:0:0:0:0:0:1
2023-06-29 15:44:52.485  INFO 76504 --- [http-nio-8080-exec-3] RequestLogFilter                         : request method = POST
2023-06-29 15:44:52.485  INFO 76504 --- [http-nio-8080-exec-3] RequestLogFilter                         : request url = /club/application/1
2023-06-29 15:44:52.485  INFO 76504 --- [http-nio-8080-exec-3] RequestLogFilter                         : client info = PostmanRuntime/7.32.3
2023-06-29 15:44:52.527  INFO 76504 --- [http-nio-8080-exec-3] RequestLogFilter                         : response status = 200
2023-06-29 15:45:43.867  INFO 76564 --- [http-nio-8080-exec-2] RequestLogFilter                         : client ip = 0:0:0:0:0:0:0:1
2023-06-29 15:45:43.867  INFO 76564 --- [http-nio-8080-exec-2] RequestLogFilter                         : request method = POST
2023-06-29 15:45:43.867  INFO 76564 --- [http-nio-8080-exec-2] RequestLogFilter                         : request url = /auth
2023-06-29 15:45:43.868  INFO 76564 --- [http-nio-8080-exec-2] RequestLogFilter                         : client info = PostmanRuntime/7.32.3
2023-06-29 15:45:44.680  INFO 76564 --- [http-nio-8080-exec-2] RequestLogFilter                         : response status = 200
2023-06-29 15:47:01.072  INFO 76564 --- [http-nio-8080-exec-4] JwtTokenFilter                           : current user email = s22046@gsm.hs.kr
2023-06-29 15:47:01.073  INFO 76564 --- [http-nio-8080-exec-4] RequestLogFilter                         : client ip = 0:0:0:0:0:0:0:1
2023-06-29 15:47:01.074  INFO 76564 --- [http-nio-8080-exec-4] RequestLogFilter                         : request method = POST
2023-06-29 15:47:01.074  INFO 76564 --- [http-nio-8080-exec-4] RequestLogFilter                         : request url = /club/application/1
2023-06-29 15:47:01.074  INFO 76564 --- [http-nio-8080-exec-4] RequestLogFilter                         : client info = PostmanRuntime/7.32.3
2023-06-29 15:47:01.091  INFO 76564 --- [http-nio-8080-exec-4] RequestLogFilter                         : response status = 400
2023-06-29 15:48:50.841  INFO 76564 --- [http-nio-8080-exec-6] JwtTokenFilter                           : current user email = s22046@gsm.hs.kr
2023-06-29 15:48:50.844  INFO 76564 --- [http-nio-8080-exec-6] RequestLogFilter                         : client ip = 0:0:0:0:0:0:0:1
2023-06-29 15:48:50.844  INFO 76564 --- [http-nio-8080-exec-6] RequestLogFilter                         : request method = POST
2023-06-29 15:48:50.844  INFO 76564 --- [http-nio-8080-exec-6] RequestLogFilter                         : request url = /club/application/1
2023-06-29 15:48:50.844  INFO 76564 --- [http-nio-8080-exec-6] RequestLogFilter                         : client info = PostmanRuntime/7.32.3
2023-06-29 15:48:50.849  INFO 76564 --- [http-nio-8080-exec-6] RequestLogFilter                         : response status = 400
2023-06-29 15:49:38.049  INFO 76564 --- [http-nio-8080-exec-9] JwtTokenFilter                           : current user email = s22046@gsm.hs.kr
2023-06-29 15:49:38.052  INFO 76564 --- [http-nio-8080-exec-9] RequestLogFilter                         : client ip = 0:0:0:0:0:0:0:1
2023-06-29 15:49:38.052  INFO 76564 --- [http-nio-8080-exec-9] RequestLogFilter                         : request method = POST
2023-06-29 15:49:38.052  INFO 76564 --- [http-nio-8080-exec-9] RequestLogFilter                         : request url = /club
2023-06-29 15:49:38.052  INFO 76564 --- [http-nio-8080-exec-9] RequestLogFilter                         : client info = PostmanRuntime/7.32.3
2023-06-29 15:49:40.726  INFO 76564 --- [http-nio-8080-exec-9] RequestLogFilter                         : response status = 201
2023-06-29 15:49:46.532  INFO 76564 --- [http-nio-8080-exec-10] JwtTokenFilter                           : current user email = s22046@gsm.hs.kr
2023-06-29 15:49:46.534  INFO 76564 --- [http-nio-8080-exec-10] RequestLogFilter                         : client ip = 0:0:0:0:0:0:0:1
2023-06-29 15:49:46.534  INFO 76564 --- [http-nio-8080-exec-10] RequestLogFilter                         : request method = POST
2023-06-29 15:49:46.534  INFO 76564 --- [http-nio-8080-exec-10] RequestLogFilter                         : request url = /club/application/1
2023-06-29 15:49:46.534  INFO 76564 --- [http-nio-8080-exec-10] RequestLogFilter                         : client info = PostmanRuntime/7.32.3
2023-06-29 15:49:46.564  INFO 76564 --- [http-nio-8080-exec-10] RequestLogFilter                         : response status = 200
2023-06-29 15:53:13.313  INFO 76929 --- [http-nio-8080-exec-2] RequestLogFilter                         : client ip = 0:0:0:0:0:0:0:1
2023-06-29 15:53:13.314  INFO 76929 --- [http-nio-8080-exec-2] RequestLogFilter                         : request method = POST
2023-06-29 15:53:13.314  INFO 76929 --- [http-nio-8080-exec-2] RequestLogFilter                         : request url = /auth
2023-06-29 15:53:13.314  INFO 76929 --- [http-nio-8080-exec-2] RequestLogFilter                         : client info = PostmanRuntime/7.32.3
2023-06-29 15:53:14.248  INFO 76929 --- [http-nio-8080-exec-2] RequestLogFilter                         : response status = 200
2023-06-29 15:53:32.399  INFO 76929 --- [http-nio-8080-exec-3] JwtTokenFilter                           : current user email = s22046@gsm.hs.kr
2023-06-29 15:53:32.399  INFO 76929 --- [http-nio-8080-exec-3] RequestLogFilter                         : client ip = 0:0:0:0:0:0:0:1
2023-06-29 15:53:32.399  INFO 76929 --- [http-nio-8080-exec-3] RequestLogFilter                         : request method = POST
2023-06-29 15:53:32.399  INFO 76929 --- [http-nio-8080-exec-3] RequestLogFilter                         : request url = /club
2023-06-29 15:53:32.400  INFO 76929 --- [http-nio-8080-exec-3] RequestLogFilter                         : client info = PostmanRuntime/7.32.3
2023-06-29 15:53:32.469  INFO 76929 --- [http-nio-8080-exec-3] RequestLogFilter                         : response status = 404
2023-06-29 15:53:56.225  INFO 76929 --- [http-nio-8080-exec-4] JwtTokenFilter                           : current user email = s22046@gsm.hs.kr
2023-06-29 15:53:56.227  INFO 76929 --- [http-nio-8080-exec-4] RequestLogFilter                         : client ip = 0:0:0:0:0:0:0:1
2023-06-29 15:53:56.227  INFO 76929 --- [http-nio-8080-exec-4] RequestLogFilter                         : request method = POST
2023-06-29 15:53:56.228  INFO 76929 --- [http-nio-8080-exec-4] RequestLogFilter                         : request url = /club
2023-06-29 15:53:56.228  INFO 76929 --- [http-nio-8080-exec-4] RequestLogFilter                         : client info = PostmanRuntime/7.32.3
2023-06-29 15:53:56.267  INFO 76929 --- [http-nio-8080-exec-4] RequestLogFilter                         : response status = 404
2023-06-29 15:54:38.094  INFO 76929 --- [http-nio-8080-exec-5] JwtTokenFilter                           : current user email = s22046@gsm.hs.kr
2023-06-29 15:54:38.096  INFO 76929 --- [http-nio-8080-exec-5] RequestLogFilter                         : client ip = 0:0:0:0:0:0:0:1
2023-06-29 15:54:38.096  INFO 76929 --- [http-nio-8080-exec-5] RequestLogFilter                         : request method = POST
2023-06-29 15:54:38.096  INFO 76929 --- [http-nio-8080-exec-5] RequestLogFilter                         : request url = /club
2023-06-29 15:54:38.096  INFO 76929 --- [http-nio-8080-exec-5] RequestLogFilter                         : client info = PostmanRuntime/7.32.3
2023-06-29 15:54:40.323  INFO 76929 --- [http-nio-8080-exec-5] RequestLogFilter                         : response status = 201
2023-06-29 15:55:47.015  INFO 76929 --- [http-nio-8080-exec-7] JwtTokenFilter                           : current user email = s22046@gsm.hs.kr
2023-06-29 15:55:47.018  INFO 76929 --- [http-nio-8080-exec-7] RequestLogFilter                         : client ip = 0:0:0:0:0:0:0:1
2023-06-29 15:55:47.018  INFO 76929 --- [http-nio-8080-exec-7] RequestLogFilter                         : request method = POST
2023-06-29 15:55:47.018  INFO 76929 --- [http-nio-8080-exec-7] RequestLogFilter                         : request url = /club/operation/1
2023-06-29 15:55:47.019  INFO 76929 --- [http-nio-8080-exec-7] RequestLogFilter                         : client info = PostmanRuntime/7.32.3
2023-06-29 15:55:47.038  INFO 76929 --- [http-nio-8080-exec-7] RequestLogFilter                         : response status = 200
2023-06-29 15:56:09.250  INFO 76929 --- [http-nio-8080-exec-9] JwtTokenFilter                           : current user email = s22046@gsm.hs.kr
2023-06-29 15:56:09.251  INFO 76929 --- [http-nio-8080-exec-9] RequestLogFilter                         : client ip = 0:0:0:0:0:0:0:1
2023-06-29 15:56:09.251  INFO 76929 --- [http-nio-8080-exec-9] RequestLogFilter                         : request method = POST
2023-06-29 15:56:09.251  INFO 76929 --- [http-nio-8080-exec-9] RequestLogFilter                         : request url = /club/application/1
2023-06-29 15:56:09.251  INFO 76929 --- [http-nio-8080-exec-9] RequestLogFilter                         : client info = PostmanRuntime/7.32.3
2023-06-29 15:56:09.265  INFO 76929 --- [http-nio-8080-exec-9] RequestLogFilter                         : response status = 404
2023-06-29 15:56:24.954  INFO 76929 --- [http-nio-8080-exec-10] JwtTokenFilter                           : current user email = s22046@gsm.hs.kr
2023-06-29 15:56:24.957  INFO 76929 --- [http-nio-8080-exec-10] RequestLogFilter                         : client ip = 0:0:0:0:0:0:0:1
2023-06-29 15:56:24.957  INFO 76929 --- [http-nio-8080-exec-10] RequestLogFilter                         : request method = POST
2023-06-29 15:56:24.958  INFO 76929 --- [http-nio-8080-exec-10] RequestLogFilter                         : request url = /club/application/1
2023-06-29 15:56:24.959  INFO 76929 --- [http-nio-8080-exec-10] RequestLogFilter                         : client info = PostmanRuntime/7.32.3
2023-06-29 15:56:24.967  INFO 76929 --- [http-nio-8080-exec-10] RequestLogFilter                         : response status = 404
2023-06-29 15:56:26.240  INFO 76929 --- [http-nio-8080-exec-1] JwtTokenFilter                           : current user email = s22046@gsm.hs.kr
2023-06-29 15:56:26.241  INFO 76929 --- [http-nio-8080-exec-1] RequestLogFilter                         : client ip = 0:0:0:0:0:0:0:1
2023-06-29 15:56:26.241  INFO 76929 --- [http-nio-8080-exec-1] RequestLogFilter                         : request method = POST
2023-06-29 15:56:26.241  INFO 76929 --- [http-nio-8080-exec-1] RequestLogFilter                         : request url = /club/application/1
2023-06-29 15:56:26.241  INFO 76929 --- [http-nio-8080-exec-1] RequestLogFilter                         : client info = PostmanRuntime/7.32.3
2023-06-29 15:56:26.256  INFO 76929 --- [http-nio-8080-exec-1] RequestLogFilter                         : response status = 404
2023-06-29 15:56:30.057  INFO 76929 --- [http-nio-8080-exec-2] JwtTokenFilter                           : current user email = s22046@gsm.hs.kr
2023-06-29 15:56:30.058  INFO 76929 --- [http-nio-8080-exec-2] RequestLogFilter                         : client ip = 0:0:0:0:0:0:0:1
2023-06-29 15:56:30.058  INFO 76929 --- [http-nio-8080-exec-2] RequestLogFilter                         : request method = POST
2023-06-29 15:56:30.058  INFO 76929 --- [http-nio-8080-exec-2] RequestLogFilter                         : request url = /club/application/2
2023-06-29 15:56:30.058  INFO 76929 --- [http-nio-8080-exec-2] RequestLogFilter                         : client info = PostmanRuntime/7.32.3
2023-06-29 15:56:30.076  INFO 76929 --- [http-nio-8080-exec-2] RequestLogFilter                         : response status = 404
2023-06-29 15:56:39.734  INFO 76929 --- [http-nio-8080-exec-3] JwtTokenFilter                           : current user email = s22046@gsm.hs.kr
2023-06-29 15:56:39.735  INFO 76929 --- [http-nio-8080-exec-3] RequestLogFilter                         : client ip = 0:0:0:0:0:0:0:1
2023-06-29 15:56:39.735  INFO 76929 --- [http-nio-8080-exec-3] RequestLogFilter                         : request method = POST
2023-06-29 15:56:39.735  INFO 76929 --- [http-nio-8080-exec-3] RequestLogFilter                         : request url = /club/application/3
2023-06-29 15:56:39.736  INFO 76929 --- [http-nio-8080-exec-3] RequestLogFilter                         : client info = PostmanRuntime/7.32.3
2023-06-29 15:56:39.773  INFO 76929 --- [http-nio-8080-exec-3] RequestLogFilter                         : response status = 200
2023-06-29 15:56:41.976  INFO 76929 --- [http-nio-8080-exec-4] JwtTokenFilter                           : current user email = s22046@gsm.hs.kr
2023-06-29 15:56:41.976  INFO 76929 --- [http-nio-8080-exec-4] RequestLogFilter                         : client ip = 0:0:0:0:0:0:0:1
2023-06-29 15:56:41.976  INFO 76929 --- [http-nio-8080-exec-4] RequestLogFilter                         : request method = POST
2023-06-29 15:56:41.976  INFO 76929 --- [http-nio-8080-exec-4] RequestLogFilter                         : request url = /club/application/3
2023-06-29 15:56:41.976  INFO 76929 --- [http-nio-8080-exec-4] RequestLogFilter                         : client info = PostmanRuntime/7.32.3
2023-06-29 15:56:41.985  INFO 76929 --- [http-nio-8080-exec-4] RequestLogFilter                         : response status = 200
2023-06-29 16:01:46.652  INFO 77476 --- [http-nio-8080-exec-1] RequestLogFilter                         : client ip = 0:0:0:0:0:0:0:1
2023-06-29 16:01:46.652  INFO 77476 --- [http-nio-8080-exec-1] RequestLogFilter                         : request method = POST
2023-06-29 16:01:46.653  INFO 77476 --- [http-nio-8080-exec-1] RequestLogFilter                         : request url = /auth
2023-06-29 16:01:46.653  INFO 77476 --- [http-nio-8080-exec-1] RequestLogFilter                         : client info = PostmanRuntime/7.32.3
2023-06-29 16:01:48.777  INFO 77476 --- [http-nio-8080-exec-1] RequestLogFilter                         : response status = 200
2023-06-29 16:01:56.203  INFO 77476 --- [http-nio-8080-exec-3] JwtTokenFilter                           : current user email = s22046@gsm.hs.kr
2023-06-29 16:01:56.204  INFO 77476 --- [http-nio-8080-exec-3] RequestLogFilter                         : client ip = 0:0:0:0:0:0:0:1
2023-06-29 16:01:56.204  INFO 77476 --- [http-nio-8080-exec-3] RequestLogFilter                         : request method = POST
2023-06-29 16:01:56.204  INFO 77476 --- [http-nio-8080-exec-3] RequestLogFilter                         : request url = /club/application/3
2023-06-29 16:01:56.204  INFO 77476 --- [http-nio-8080-exec-3] RequestLogFilter                         : client info = PostmanRuntime/7.32.3
2023-06-29 16:01:56.225  INFO 77476 --- [http-nio-8080-exec-3] RequestLogFilter                         : response status = 404
2023-06-29 16:01:57.097  INFO 77476 --- [http-nio-8080-exec-4] JwtTokenFilter                           : current user email = s22046@gsm.hs.kr
2023-06-29 16:01:57.098  INFO 77476 --- [http-nio-8080-exec-4] RequestLogFilter                         : client ip = 0:0:0:0:0:0:0:1
2023-06-29 16:01:57.098  INFO 77476 --- [http-nio-8080-exec-4] RequestLogFilter                         : request method = POST
2023-06-29 16:01:57.098  INFO 77476 --- [http-nio-8080-exec-4] RequestLogFilter                         : request url = /club/application/3
2023-06-29 16:01:57.100  INFO 77476 --- [http-nio-8080-exec-4] RequestLogFilter                         : client info = PostmanRuntime/7.32.3
2023-06-29 16:01:57.112  INFO 77476 --- [http-nio-8080-exec-4] RequestLogFilter                         : response status = 404
2023-06-29 16:05:32.133  INFO 77540 --- [http-nio-8080-exec-1] RequestLogFilter                         : client ip = 0:0:0:0:0:0:0:1
2023-06-29 16:05:32.133  INFO 77540 --- [http-nio-8080-exec-1] RequestLogFilter                         : request method = POST
2023-06-29 16:05:32.133  INFO 77540 --- [http-nio-8080-exec-1] RequestLogFilter                         : request url = /auth
2023-06-29 16:05:32.133  INFO 77540 --- [http-nio-8080-exec-1] RequestLogFilter                         : client info = PostmanRuntime/7.32.3
2023-06-29 16:05:33.128  INFO 77540 --- [http-nio-8080-exec-1] RequestLogFilter                         : response status = 200
2023-06-29 16:05:39.573  INFO 77540 --- [http-nio-8080-exec-3] JwtTokenFilter                           : current user email = s22046@gsm.hs.kr
2023-06-29 16:05:39.574  INFO 77540 --- [http-nio-8080-exec-3] RequestLogFilter                         : client ip = 0:0:0:0:0:0:0:1
2023-06-29 16:05:39.575  INFO 77540 --- [http-nio-8080-exec-3] RequestLogFilter                         : request method = POST
2023-06-29 16:05:39.575  INFO 77540 --- [http-nio-8080-exec-3] RequestLogFilter                         : request url = /club/application/3
2023-06-29 16:05:39.575  INFO 77540 --- [http-nio-8080-exec-3] RequestLogFilter                         : client info = PostmanRuntime/7.32.3
2023-06-29 16:05:39.593  INFO 77540 --- [http-nio-8080-exec-3] RequestLogFilter                         : response status = 404
2023-06-29 16:05:47.697  INFO 77540 --- [http-nio-8080-exec-4] JwtTokenFilter                           : current user email = s22046@gsm.hs.kr
2023-06-29 16:05:47.698  INFO 77540 --- [http-nio-8080-exec-4] RequestLogFilter                         : client ip = 0:0:0:0:0:0:0:1
2023-06-29 16:05:47.698  INFO 77540 --- [http-nio-8080-exec-4] RequestLogFilter                         : request method = POST
2023-06-29 16:05:47.699  INFO 77540 --- [http-nio-8080-exec-4] RequestLogFilter                         : request url = /club
2023-06-29 16:05:47.699  INFO 77540 --- [http-nio-8080-exec-4] RequestLogFilter                         : client info = PostmanRuntime/7.32.3
2023-06-29 16:05:47.783  INFO 77540 --- [http-nio-8080-exec-4] RequestLogFilter                         : response status = 404
2023-06-29 16:06:40.113  INFO 77540 --- [http-nio-8080-exec-5] JwtTokenFilter                           : current user email = s22046@gsm.hs.kr
2023-06-29 16:06:40.115  INFO 77540 --- [http-nio-8080-exec-5] RequestLogFilter                         : client ip = 0:0:0:0:0:0:0:1
2023-06-29 16:06:40.115  INFO 77540 --- [http-nio-8080-exec-5] RequestLogFilter                         : request method = POST
2023-06-29 16:06:40.115  INFO 77540 --- [http-nio-8080-exec-5] RequestLogFilter                         : request url = /club
2023-06-29 16:06:40.115  INFO 77540 --- [http-nio-8080-exec-5] RequestLogFilter                         : client info = PostmanRuntime/7.32.3
2023-06-29 16:06:42.270  INFO 77540 --- [http-nio-8080-exec-5] RequestLogFilter                         : response status = 201
2023-06-29 16:06:46.353  INFO 77540 --- [http-nio-8080-exec-6] JwtTokenFilter                           : current user email = s22046@gsm.hs.kr
2023-06-29 16:06:46.354  INFO 77540 --- [http-nio-8080-exec-6] RequestLogFilter                         : client ip = 0:0:0:0:0:0:0:1
2023-06-29 16:06:46.354  INFO 77540 --- [http-nio-8080-exec-6] RequestLogFilter                         : request method = POST
2023-06-29 16:06:46.354  INFO 77540 --- [http-nio-8080-exec-6] RequestLogFilter                         : request url = /club/application/3
2023-06-29 16:06:46.354  INFO 77540 --- [http-nio-8080-exec-6] RequestLogFilter                         : client info = PostmanRuntime/7.32.3
2023-06-29 16:06:46.377  INFO 77540 --- [http-nio-8080-exec-6] RequestLogFilter                         : response status = 404
2023-06-29 16:06:47.571  INFO 77540 --- [http-nio-8080-exec-7] JwtTokenFilter                           : current user email = s22046@gsm.hs.kr
2023-06-29 16:06:47.571  INFO 77540 --- [http-nio-8080-exec-7] RequestLogFilter                         : client ip = 0:0:0:0:0:0:0:1
2023-06-29 16:06:47.571  INFO 77540 --- [http-nio-8080-exec-7] RequestLogFilter                         : request method = POST
2023-06-29 16:06:47.572  INFO 77540 --- [http-nio-8080-exec-7] RequestLogFilter                         : request url = /club/application/4
2023-06-29 16:06:47.572  INFO 77540 --- [http-nio-8080-exec-7] RequestLogFilter                         : client info = PostmanRuntime/7.32.3
2023-06-29 16:06:47.584  INFO 77540 --- [http-nio-8080-exec-7] RequestLogFilter                         : response status = 404
2023-06-29 16:06:48.709  INFO 77540 --- [http-nio-8080-exec-8] JwtTokenFilter                           : current user email = s22046@gsm.hs.kr
2023-06-29 16:06:48.709  INFO 77540 --- [http-nio-8080-exec-8] RequestLogFilter                         : client ip = 0:0:0:0:0:0:0:1
2023-06-29 16:06:48.709  INFO 77540 --- [http-nio-8080-exec-8] RequestLogFilter                         : request method = POST
2023-06-29 16:06:48.710  INFO 77540 --- [http-nio-8080-exec-8] RequestLogFilter                         : request url = /club/application/5
2023-06-29 16:06:48.710  INFO 77540 --- [http-nio-8080-exec-8] RequestLogFilter                         : client info = PostmanRuntime/7.32.3
2023-06-29 16:06:48.724  INFO 77540 --- [http-nio-8080-exec-8] RequestLogFilter                         : response status = 404
2023-06-29 16:06:49.998  INFO 77540 --- [http-nio-8080-exec-9] JwtTokenFilter                           : current user email = s22046@gsm.hs.kr
2023-06-29 16:06:49.999  INFO 77540 --- [http-nio-8080-exec-9] RequestLogFilter                         : client ip = 0:0:0:0:0:0:0:1
2023-06-29 16:06:49.999  INFO 77540 --- [http-nio-8080-exec-9] RequestLogFilter                         : request method = POST
2023-06-29 16:06:49.999  INFO 77540 --- [http-nio-8080-exec-9] RequestLogFilter                         : request url = /club/application/1
2023-06-29 16:06:50.000  INFO 77540 --- [http-nio-8080-exec-9] RequestLogFilter                         : client info = PostmanRuntime/7.32.3
2023-06-29 16:06:50.025  INFO 77540 --- [http-nio-8080-exec-9] RequestLogFilter                         : response status = 404
2023-06-29 16:06:50.911  INFO 77540 --- [http-nio-8080-exec-10] JwtTokenFilter                           : current user email = s22046@gsm.hs.kr
2023-06-29 16:06:50.911  INFO 77540 --- [http-nio-8080-exec-10] RequestLogFilter                         : client ip = 0:0:0:0:0:0:0:1
2023-06-29 16:06:50.911  INFO 77540 --- [http-nio-8080-exec-10] RequestLogFilter                         : request method = POST
2023-06-29 16:06:50.911  INFO 77540 --- [http-nio-8080-exec-10] RequestLogFilter                         : request url = /club/application/2
2023-06-29 16:06:50.911  INFO 77540 --- [http-nio-8080-exec-10] RequestLogFilter                         : client info = PostmanRuntime/7.32.3
2023-06-29 16:06:50.945  INFO 77540 --- [http-nio-8080-exec-10] RequestLogFilter                         : response status = 200
2023-06-29 17:48:51.955  INFO 78683 --- [http-nio-8080-exec-2] RequestLogFilter                         : client ip = 0:0:0:0:0:0:0:1
2023-06-29 17:48:51.955  INFO 78683 --- [http-nio-8080-exec-2] RequestLogFilter                         : request method = POST
2023-06-29 17:48:51.955  INFO 78683 --- [http-nio-8080-exec-2] RequestLogFilter                         : request url = /auth
2023-06-29 17:48:51.955  INFO 78683 --- [http-nio-8080-exec-2] RequestLogFilter                         : client info = PostmanRuntime/7.32.3
2023-06-29 17:48:53.307  INFO 78683 --- [http-nio-8080-exec-2] RequestLogFilter                         : response status = 200
2023-06-29 17:49:08.509  INFO 78683 --- [http-nio-8080-exec-3] JwtTokenFilter                           : current user email = s22046@gsm.hs.kr
2023-06-29 17:49:08.510  INFO 78683 --- [http-nio-8080-exec-3] RequestLogFilter                         : client ip = 0:0:0:0:0:0:0:1
2023-06-29 17:49:08.510  INFO 78683 --- [http-nio-8080-exec-3] RequestLogFilter                         : request method = POST
2023-06-29 17:49:08.510  INFO 78683 --- [http-nio-8080-exec-3] RequestLogFilter                         : request url = /club/application/2
2023-06-29 17:49:08.510  INFO 78683 --- [http-nio-8080-exec-3] RequestLogFilter                         : client info = PostmanRuntime/7.32.3
2023-06-29 17:49:08.553  INFO 78683 --- [http-nio-8080-exec-3] RequestLogFilter                         : response status = 200
2023-06-29 18:03:41.275  INFO 79347 --- [http-nio-8080-exec-1] RequestLogFilter                         : client ip = 0:0:0:0:0:0:0:1
2023-06-29 18:03:41.276  INFO 79347 --- [http-nio-8080-exec-1] RequestLogFilter                         : request method = POST
2023-06-29 18:03:41.276  INFO 79347 --- [http-nio-8080-exec-1] RequestLogFilter                         : request url = /auth
2023-06-29 18:03:41.276  INFO 79347 --- [http-nio-8080-exec-1] RequestLogFilter                         : client info = PostmanRuntime/7.32.3
2023-06-29 18:03:42.331  INFO 79347 --- [http-nio-8080-exec-1] RequestLogFilter                         : response status = 200
2023-06-29 18:04:09.657  INFO 79347 --- [http-nio-8080-exec-3] JwtTokenFilter                           : current user email = s22046@gsm.hs.kr
2023-06-29 18:04:09.658  INFO 79347 --- [http-nio-8080-exec-3] RequestLogFilter                         : client ip = 0:0:0:0:0:0:0:1
2023-06-29 18:04:09.658  INFO 79347 --- [http-nio-8080-exec-3] RequestLogFilter                         : request method = POST
2023-06-29 18:04:09.658  INFO 79347 --- [http-nio-8080-exec-3] RequestLogFilter                         : request url = /club/application/2
2023-06-29 18:04:09.658  INFO 79347 --- [http-nio-8080-exec-3] RequestLogFilter                         : client info = PostmanRuntime/7.32.3
2023-06-29 18:04:09.705  INFO 79347 --- [http-nio-8080-exec-3] RequestLogFilter                         : response status = 200
2023-06-29 18:14:33.135  INFO 79802 --- [http-nio-8080-exec-2] RequestLogFilter                         : client ip = 0:0:0:0:0:0:0:1
2023-06-29 18:14:33.136  INFO 79802 --- [http-nio-8080-exec-2] RequestLogFilter                         : request method = POST
2023-06-29 18:14:33.136  INFO 79802 --- [http-nio-8080-exec-2] RequestLogFilter                         : request url = /auth
2023-06-29 18:14:33.136  INFO 79802 --- [http-nio-8080-exec-2] RequestLogFilter                         : client info = PostmanRuntime/7.32.3
2023-06-29 18:14:34.404  INFO 79802 --- [http-nio-8080-exec-2] RequestLogFilter                         : response status = 200
2023-06-29 18:14:47.376  INFO 79802 --- [http-nio-8080-exec-3] JwtTokenFilter                           : current user email = s22046@gsm.hs.kr
2023-06-29 18:14:47.377  INFO 79802 --- [http-nio-8080-exec-3] RequestLogFilter                         : client ip = 0:0:0:0:0:0:0:1
2023-06-29 18:14:47.377  INFO 79802 --- [http-nio-8080-exec-3] RequestLogFilter                         : request method = POST
2023-06-29 18:14:47.377  INFO 79802 --- [http-nio-8080-exec-3] RequestLogFilter                         : request url = /club/application/2
2023-06-29 18:14:47.377  INFO 79802 --- [http-nio-8080-exec-3] RequestLogFilter                         : client info = PostmanRuntime/7.32.3
2023-06-29 18:14:47.438  INFO 79802 --- [http-nio-8080-exec-3] RequestLogFilter                         : response status = 200
2023-06-29 20:55:05.711  INFO 83778 --- [http-nio-8080-exec-2] RequestLogFilter                         : client ip = 0:0:0:0:0:0:0:1
2023-06-29 20:55:05.712  INFO 83778 --- [http-nio-8080-exec-2] RequestLogFilter                         : request method = POST
2023-06-29 20:55:05.712  INFO 83778 --- [http-nio-8080-exec-2] RequestLogFilter                         : request url = /auth
2023-06-29 20:55:05.712  INFO 83778 --- [http-nio-8080-exec-2] RequestLogFilter                         : client info = PostmanRuntime/7.32.3
2023-06-29 20:55:06.689  INFO 83778 --- [http-nio-8080-exec-2] RequestLogFilter                         : response status = 200
2023-06-29 20:55:14.202  INFO 83778 --- [http-nio-8080-exec-3] JwtTokenFilter                           : current user email = s22046@gsm.hs.kr
2023-06-29 20:55:14.202  INFO 83778 --- [http-nio-8080-exec-3] RequestLogFilter                         : client ip = 0:0:0:0:0:0:0:1
2023-06-29 20:55:14.202  INFO 83778 --- [http-nio-8080-exec-3] RequestLogFilter                         : request method = POST
2023-06-29 20:55:14.202  INFO 83778 --- [http-nio-8080-exec-3] RequestLogFilter                         : request url = /club/application/2
2023-06-29 20:55:14.203  INFO 83778 --- [http-nio-8080-exec-3] RequestLogFilter                         : client info = PostmanRuntime/7.32.3
2023-06-29 20:55:14.286  INFO 83778 --- [http-nio-8080-exec-3] RequestLogFilter                         : response status = 200
2023-06-29 20:57:23.633  INFO 83901 --- [http-nio-8080-exec-2] RequestLogFilter                         : client ip = 0:0:0:0:0:0:0:1
2023-06-29 20:57:23.633  INFO 83901 --- [http-nio-8080-exec-2] RequestLogFilter                         : request method = POST
2023-06-29 20:57:23.633  INFO 83901 --- [http-nio-8080-exec-2] RequestLogFilter                         : request url = /auth
2023-06-29 20:57:23.633  INFO 83901 --- [http-nio-8080-exec-2] RequestLogFilter                         : client info = PostmanRuntime/7.32.3
2023-06-29 20:57:24.456  INFO 83901 --- [http-nio-8080-exec-2] RequestLogFilter                         : response status = 200
2023-06-29 20:57:41.480  INFO 83901 --- [http-nio-8080-exec-4] RequestLogFilter                         : client ip = 0:0:0:0:0:0:0:1
2023-06-29 20:57:41.481  INFO 83901 --- [http-nio-8080-exec-4] RequestLogFilter                         : request method = POST
2023-06-29 20:57:41.481  INFO 83901 --- [http-nio-8080-exec-4] RequestLogFilter                         : request url = /auth
2023-06-29 20:57:41.481  INFO 83901 --- [http-nio-8080-exec-4] RequestLogFilter                         : client info = PostmanRuntime/7.32.3
2023-06-29 20:57:41.611  INFO 83901 --- [http-nio-8080-exec-4] RequestLogFilter                         : response status = 200
2023-06-29 20:57:59.498  INFO 83901 --- [http-nio-8080-exec-5] RequestLogFilter                         : client ip = 0:0:0:0:0:0:0:1
2023-06-29 20:57:59.500  INFO 83901 --- [http-nio-8080-exec-5] RequestLogFilter                         : request method = POST
2023-06-29 20:57:59.501  INFO 83901 --- [http-nio-8080-exec-5] RequestLogFilter                         : request url = /auth
2023-06-29 20:57:59.501  INFO 83901 --- [http-nio-8080-exec-5] RequestLogFilter                         : client info = PostmanRuntime/7.32.3
2023-06-29 20:57:59.791  INFO 83901 --- [http-nio-8080-exec-5] RequestLogFilter                         : response status = 200
2023-06-29 20:58:07.418  INFO 83901 --- [http-nio-8080-exec-6] JwtTokenFilter                           : current user email = s22046@gsm.hs.kr
2023-06-29 20:58:07.418  INFO 83901 --- [http-nio-8080-exec-6] RequestLogFilter                         : client ip = 0:0:0:0:0:0:0:1
2023-06-29 20:58:07.418  INFO 83901 --- [http-nio-8080-exec-6] RequestLogFilter                         : request method = POST
2023-06-29 20:58:07.418  INFO 83901 --- [http-nio-8080-exec-6] RequestLogFilter                         : request url = /club/application/2
2023-06-29 20:58:07.418  INFO 83901 --- [http-nio-8080-exec-6] RequestLogFilter                         : client info = PostmanRuntime/7.32.3
2023-06-29 20:58:07.470  INFO 83901 --- [http-nio-8080-exec-6] RequestLogFilter                         : response status = 200
2023-06-29 20:58:08.620  INFO 83901 --- [http-nio-8080-exec-7] JwtTokenFilter                           : current user email = s22046@gsm.hs.kr
2023-06-29 20:58:08.620  INFO 83901 --- [http-nio-8080-exec-7] RequestLogFilter                         : client ip = 0:0:0:0:0:0:0:1
2023-06-29 20:58:08.620  INFO 83901 --- [http-nio-8080-exec-7] RequestLogFilter                         : request method = POST
2023-06-29 20:58:08.621  INFO 83901 --- [http-nio-8080-exec-7] RequestLogFilter                         : request url = /club/application/2
2023-06-29 20:58:08.621  INFO 83901 --- [http-nio-8080-exec-7] RequestLogFilter                         : client info = PostmanRuntime/7.32.3
2023-06-29 20:58:08.629  INFO 83901 --- [http-nio-8080-exec-7] RequestLogFilter                         : response status = 200
