2023-06-29 08:26:07.887 ERROR 62498 --- [http-nio-8080-exec-3] ExceptionFilter                          : Request processing failed; nested exception is org.springframework.orm.jpa.JpaSystemException: Found shared references to a collection: com.msg.gcms.domain.club.domain.entity.Club.activityImg; nested exception is org.hibernate.HibernateException: Found shared references to a collection: com.msg.gcms.domain.club.domain.entity.Club.activityImg
2023-06-29 08:27:44.818 ERROR 62619 --- [http-nio-8080-exec-3] ExceptionFilter                          : Request processing failed; nested exception is org.springframework.orm.jpa.JpaSystemException: Found shared references to a collection: com.msg.gcms.domain.club.domain.entity.Club.activityImg; nested exception is org.hibernate.HibernateException: Found shared references to a collection: com.msg.gcms.domain.club.domain.entity.Club.activityImg
2023-06-29 08:28:43.652 ERROR 62691 --- [http-nio-8080-exec-3] ExceptionFilter                          : Request processing failed; nested exception is org.springframework.orm.jpa.JpaSystemException: Found shared references to a collection: com.msg.gcms.domain.club.domain.entity.Club.activityImg; nested exception is org.hibernate.HibernateException: Found shared references to a collection: com.msg.gcms.domain.club.domain.entity.Club.activityImg
2023-06-29 08:46:59.464 ERROR 63287 --- [http-nio-8080-exec-2] ExceptionFilter                          : Request processing failed; nested exception is org.springframework.orm.jpa.JpaSystemException: Found shared references to a collection: com.msg.gcms.domain.club.domain.entity.Club.activityImg; nested exception is org.hibernate.HibernateException: Found shared references to a collection: com.msg.gcms.domain.club.domain.entity.Club.activityImg
2023-06-29 08:46:59.591 ERROR 63287 --- [http-nio-8080-exec-3] ExceptionFilter                          : Request processing failed; nested exception is org.springframework.orm.jpa.JpaSystemException: Found shared references to a collection: com.msg.gcms.domain.club.domain.entity.Club.activityImg; nested exception is org.hibernate.HibernateException: Found shared references to a collection: com.msg.gcms.domain.club.domain.entity.Club.activityImg
2023-06-29 08:49:49.512 ERROR 63547 --- [http-nio-8080-exec-3] ExceptionFilter                          : Request processing failed; nested exception is org.springframework.beans.BeanInstantiationException: Failed to instantiate [com.msg.gcms.domain.club.presentation.data.request.CreateOpeningApplicationRequest]: Constructor threw exception; nested exception is java.lang.NullPointerException: Parameter specified as non-null is null: method com.msg.gcms.domain.club.presentation.data.request.CreateOpeningApplicationRequest.<init>, parameter subject
2023-06-29 08:52:56.503 ERROR 63547 --- [http-nio-8080-exec-7] ExceptionFilter                          : Request processing failed; nested exception is org.springframework.beans.BeanInstantiationException: Failed to instantiate [com.msg.gcms.domain.club.presentation.data.request.CreateOperationPlanRequest]: Constructor threw exception; nested exception is java.lang.NullPointerException: Parameter specified as non-null is null: method com.msg.gcms.domain.club.presentation.data.request.CreateOperationPlanRequest.<init>, parameter field
2023-06-29 08:55:05.370 ERROR 63849 --- [http-nio-8080-exec-3] ExceptionFilter                          : Request processing failed; nested exception is org.springframework.beans.BeanInstantiationException: Failed to instantiate [com.msg.gcms.domain.club.presentation.data.request.CreateOpeningApplicationRequest]: Constructor threw exception; nested exception is java.lang.NullPointerException: Parameter specified as non-null is null: method com.msg.gcms.domain.club.presentation.data.request.CreateOpeningApplicationRequest.<init>, parameter subject
2023-06-29 08:56:48.614 ERROR 63984 --- [http-nio-8080-exec-3] ExceptionFilter                          : Request processing failed; nested exception is org.springframework.orm.jpa.JpaSystemException: Found shared references to a collection: com.msg.gcms.domain.club.domain.entity.Club.activityImg; nested exception is org.hibernate.HibernateException: Found shared references to a collection: com.msg.gcms.domain.club.domain.entity.Club.activityImg
2023-06-29 09:03:56.056 ERROR 63984 --- [http-nio-8080-exec-6] GlobalExceptionHandler                   : 해당 유저를 찾을 수 없음
2023-06-29 09:03:56.057 ERROR 63984 --- [http-nio-8080-exec-6] GlobalExceptionHandler                   : /club
2023-06-29 09:05:26.988 ERROR 63984 --- [http-nio-8080-exec-9] GlobalExceptionHandler                   : 해당 유저를 찾을 수 없음
2023-06-29 09:05:26.988 ERROR 63984 --- [http-nio-8080-exec-9] GlobalExceptionHandler                   : /club
2023-06-29 09:06:16.998 ERROR 63984 --- [http-nio-8080-exec-10] GlobalExceptionHandler                   : 해당 유저를 찾을 수 없음
2023-06-29 09:06:16.998 ERROR 63984 --- [http-nio-8080-exec-10] GlobalExceptionHandler                   : /club
2023-06-29 09:11:25.521 ERROR 64890 --- [http-nio-8080-exec-3] ExceptionFilter                          : Request processing failed; nested exception is org.springframework.orm.jpa.JpaSystemException: Found shared references to a collection: com.msg.gcms.domain.club.domain.entity.Club.activityImg; nested exception is org.hibernate.HibernateException: Found shared references to a collection: com.msg.gcms.domain.club.domain.entity.Club.activityImg
2023-06-29 09:11:39.347 ERROR 64890 --- [http-nio-8080-exec-4] GlobalExceptionHandler                   : 해당 유저를 찾을 수 없음
2023-06-29 09:11:39.348 ERROR 64890 --- [http-nio-8080-exec-4] GlobalExceptionHandler                   : /club
2023-06-29 09:12:09.256 ERROR 64890 --- [http-nio-8080-exec-5] GlobalExceptionHandler                   : 해당 유저를 찾을 수 없음
2023-06-29 09:12:09.257 ERROR 64890 --- [http-nio-8080-exec-5] GlobalExceptionHandler                   : /club
2023-06-29 09:14:33.556 ERROR 65084 --- [http-nio-8080-exec-3] ExceptionFilter                          : Request processing failed; nested exception is org.springframework.orm.jpa.JpaSystemException: Found shared references to a collection: com.msg.gcms.domain.club.domain.entity.Club.activityImg; nested exception is org.hibernate.HibernateException: Found shared references to a collection: com.msg.gcms.domain.club.domain.entity.Club.activityImg
2023-06-29 09:14:33.558 ERROR 65084 --- [http-nio-8080-exec-3] ExceptionFilter                          : kotlin.Unit
2023-06-29 09:14:38.554 ERROR 65084 --- [http-nio-8080-exec-4] GlobalExceptionHandler                   : 해당 유저를 찾을 수 없음
2023-06-29 09:14:38.555 ERROR 65084 --- [http-nio-8080-exec-4] GlobalExceptionHandler                   : /club
2023-06-29 09:16:27.840 ERROR 65084 --- [http-nio-8080-exec-7] ExceptionFilter                          : Request processing failed; nested exception is java.lang.IllegalArgumentException: Expected URL scheme 'http' or 'https' but no scheme was found for fsdnjl...
2023-06-29 09:16:27.841 ERROR 65084 --- [http-nio-8080-exec-7] ExceptionFilter                          : kotlin.Unit
2023-06-29 09:22:41.046 ERROR 65493 --- [http-nio-8080-exec-3] GlobalExceptionHandler                   : 해당 유저를 찾을 수 없음
2023-06-29 09:22:41.046 ERROR 65493 --- [http-nio-8080-exec-3] GlobalExceptionHandler                   : /club
2023-06-29 09:22:47.464 ERROR 65493 --- [http-nio-8080-exec-4] GlobalExceptionHandler                   : 해당 유저를 찾을 수 없음
2023-06-29 09:22:47.465 ERROR 65493 --- [http-nio-8080-exec-4] GlobalExceptionHandler                   : /club
2023-06-29 09:22:54.904 ERROR 65493 --- [http-nio-8080-exec-5] ExceptionFilter                          : Hostname gcms.com not verified:
    certificate: sha256/10SIdur4QzHgsTqgdDBilOzEwXEALSZF+ke05n8GDrU=
    DN: CN=*.thermofisher.com, O=Thermo Fisher Scientific Inc., ST=Massachusetts, C=US
    subjectAltNames: [*.thermofisher.com, *.activatechromeleon.net, *.allergyai.com, *.allergyinsider.com, *.brahms-clinical-portal.com, *.brammerbio.com, *.doeingalls.com, *.oxoid.com, *.oxoidshop.com, *.patheon.com, *.planetorbitrap.com, *.thermo.com, *.thermofisher.in, *.thermofisher.net, *.ulsinventorymanager.com, *.unitylabservices.com, activatechromeleon.net, allergyai.com, allergyinsider.com, brahms-clinical-portal.com, brammerbio.com, doeingalls.com, oxoid.com, oxoidshop.com, patheon.com, planetorbitrap.com, thermo.com, thermofisher.in, thermofisher.net, ulsinventorymanager.com, unitylabservices.com]
2023-06-29 09:22:54.907 ERROR 65493 --- [http-nio-8080-exec-5] ExceptionFilter                          : kotlin.Unit
2023-06-29 15:40:34.322 ERROR 76238 --- [http-nio-8080-exec-3] ExceptionFilter                          : Request processing failed; nested exception is org.springframework.orm.jpa.JpaSystemException: Found shared references to a collection: com.msg.gcms.domain.club.domain.entity.Club.activityImg; nested exception is org.hibernate.HibernateException: Found shared references to a collection: com.msg.gcms.domain.club.domain.entity.Club.activityImg
2023-06-29 15:40:34.324 ERROR 76238 --- [http-nio-8080-exec-3] ExceptionFilter                          : kotlin.Unit
2023-06-29 15:44:52.525 ERROR 76504 --- [http-nio-8080-exec-3] ExceptionFilter                          : Request processing failed; nested exception is org.springframework.orm.jpa.JpaSystemException: Found shared references to a collection: com.msg.gcms.domain.club.domain.entity.Club.activityImg; nested exception is org.hibernate.HibernateException: Found shared references to a collection: com.msg.gcms.domain.club.domain.entity.Club.activityImg
2023-06-29 15:44:52.527 ERROR 76504 --- [http-nio-8080-exec-3] ExceptionFilter                          : kotlin.Unit
2023-06-29 15:49:46.562 ERROR 76564 --- [http-nio-8080-exec-10] ExceptionFilter                          : Request processing failed; nested exception is org.springframework.orm.jpa.JpaSystemException: Found shared references to a collection: com.msg.gcms.domain.club.domain.entity.Club.activityImg; nested exception is org.hibernate.HibernateException: Found shared references to a collection: com.msg.gcms.domain.club.domain.entity.Club.activityImg
2023-06-29 15:49:46.564 ERROR 76564 --- [http-nio-8080-exec-10] ExceptionFilter                          : kotlin.Unit
2023-06-29 15:53:32.464 ERROR 76929 --- [http-nio-8080-exec-3] GlobalExceptionHandler                   : 해당 유저를 찾을 수 없음
2023-06-29 15:53:32.464 ERROR 76929 --- [http-nio-8080-exec-3] GlobalExceptionHandler                   : /club
2023-06-29 15:53:56.263 ERROR 76929 --- [http-nio-8080-exec-4] GlobalExceptionHandler                   : 해당 유저를 찾을 수 없음
2023-06-29 15:53:56.264 ERROR 76929 --- [http-nio-8080-exec-4] GlobalExceptionHandler                   : /club
2023-06-29 15:55:47.037 ERROR 76929 --- [http-nio-8080-exec-7] ExceptionFilter                          : Request processing failed; nested exception is org.springframework.beans.BeanInstantiationException: Failed to instantiate [com.msg.gcms.domain.club.presentation.data.request.CreateOperationPlanRequest]: Constructor threw exception; nested exception is java.lang.NullPointerException: Parameter specified as non-null is null: method com.msg.gcms.domain.club.presentation.data.request.CreateOperationPlanRequest.<init>, parameter field
2023-06-29 15:55:47.038 ERROR 76929 --- [http-nio-8080-exec-7] ExceptionFilter                          : kotlin.Unit
2023-06-29 15:56:09.263 ERROR 76929 --- [http-nio-8080-exec-9] GlobalExceptionHandler                   : 해당 동아리를 찾을 수 없음
2023-06-29 15:56:09.263 ERROR 76929 --- [http-nio-8080-exec-9] GlobalExceptionHandler                   : /club/application/1
2023-06-29 15:56:24.966 ERROR 76929 --- [http-nio-8080-exec-10] GlobalExceptionHandler                   : 해당 동아리를 찾을 수 없음
2023-06-29 15:56:24.966 ERROR 76929 --- [http-nio-8080-exec-10] GlobalExceptionHandler                   : /club/application/1
2023-06-29 15:56:26.251 ERROR 76929 --- [http-nio-8080-exec-1] GlobalExceptionHandler                   : 해당 동아리를 찾을 수 없음
2023-06-29 15:56:26.253 ERROR 76929 --- [http-nio-8080-exec-1] GlobalExceptionHandler                   : /club/application/1
2023-06-29 15:56:30.074 ERROR 76929 --- [http-nio-8080-exec-2] GlobalExceptionHandler                   : 해당 동아리를 찾을 수 없음
2023-06-29 15:56:30.075 ERROR 76929 --- [http-nio-8080-exec-2] GlobalExceptionHandler                   : /club/application/2
2023-06-29 15:56:39.772 ERROR 76929 --- [http-nio-8080-exec-3] ExceptionFilter                          : Request processing failed; nested exception is org.springframework.orm.jpa.JpaSystemException: Found shared references to a collection: com.msg.gcms.domain.club.domain.entity.Club.activityImg; nested exception is org.hibernate.HibernateException: Found shared references to a collection: com.msg.gcms.domain.club.domain.entity.Club.activityImg
2023-06-29 15:56:39.773 ERROR 76929 --- [http-nio-8080-exec-3] ExceptionFilter                          : kotlin.Unit
2023-06-29 15:56:41.984 ERROR 76929 --- [http-nio-8080-exec-4] ExceptionFilter                          : Request processing failed; nested exception is org.springframework.orm.jpa.JpaSystemException: Found shared references to a collection: com.msg.gcms.domain.club.domain.entity.Club.activityImg; nested exception is org.hibernate.HibernateException: Found shared references to a collection: com.msg.gcms.domain.club.domain.entity.Club.activityImg
2023-06-29 15:56:41.985 ERROR 76929 --- [http-nio-8080-exec-4] ExceptionFilter                          : kotlin.Unit
2023-06-29 16:01:56.220 ERROR 77476 --- [http-nio-8080-exec-3] GlobalExceptionHandler                   : 해당 동아리를 찾을 수 없음
2023-06-29 16:01:56.220 ERROR 77476 --- [http-nio-8080-exec-3] GlobalExceptionHandler                   : /club/application/3
2023-06-29 16:01:57.109 ERROR 77476 --- [http-nio-8080-exec-4] GlobalExceptionHandler                   : 해당 동아리를 찾을 수 없음
2023-06-29 16:01:57.110 ERROR 77476 --- [http-nio-8080-exec-4] GlobalExceptionHandler                   : /club/application/3
2023-06-29 16:05:39.588 ERROR 77540 --- [http-nio-8080-exec-3] GlobalExceptionHandler                   : 해당 동아리를 찾을 수 없음
2023-06-29 16:05:39.589 ERROR 77540 --- [http-nio-8080-exec-3] GlobalExceptionHandler                   : /club/application/3
2023-06-29 16:05:47.782 ERROR 77540 --- [http-nio-8080-exec-4] GlobalExceptionHandler                   : 해당 유저를 찾을 수 없음
2023-06-29 16:05:47.782 ERROR 77540 --- [http-nio-8080-exec-4] GlobalExceptionHandler                   : /club
2023-06-29 16:06:46.376 ERROR 77540 --- [http-nio-8080-exec-6] GlobalExceptionHandler                   : 해당 동아리를 찾을 수 없음
2023-06-29 16:06:46.376 ERROR 77540 --- [http-nio-8080-exec-6] GlobalExceptionHandler                   : /club/application/3
2023-06-29 16:06:47.580 ERROR 77540 --- [http-nio-8080-exec-7] GlobalExceptionHandler                   : 해당 동아리를 찾을 수 없음
2023-06-29 16:06:47.580 ERROR 77540 --- [http-nio-8080-exec-7] GlobalExceptionHandler                   : /club/application/4
2023-06-29 16:06:48.723 ERROR 77540 --- [http-nio-8080-exec-8] GlobalExceptionHandler                   : 해당 동아리를 찾을 수 없음
2023-06-29 16:06:48.723 ERROR 77540 --- [http-nio-8080-exec-8] GlobalExceptionHandler                   : /club/application/5
2023-06-29 16:06:50.020 ERROR 77540 --- [http-nio-8080-exec-9] GlobalExceptionHandler                   : 해당 동아리를 찾을 수 없음
2023-06-29 16:06:50.021 ERROR 77540 --- [http-nio-8080-exec-9] GlobalExceptionHandler                   : /club/application/1
2023-06-29 16:06:50.943 ERROR 77540 --- [http-nio-8080-exec-10] ExceptionFilter                          : Request processing failed; nested exception is org.springframework.orm.jpa.JpaSystemException: Found shared references to a collection: com.msg.gcms.domain.club.domain.entity.Club.activityImg; nested exception is org.hibernate.HibernateException: Found shared references to a collection: com.msg.gcms.domain.club.domain.entity.Club.activityImg
2023-06-29 16:06:50.944 ERROR 77540 --- [http-nio-8080-exec-10] ExceptionFilter                          : kotlin.Unit
2023-06-29 17:49:08.551 ERROR 78683 --- [http-nio-8080-exec-3] ExceptionFilter                          : Request processing failed; nested exception is org.springframework.orm.jpa.JpaSystemException: Found shared references to a collection: com.msg.gcms.domain.club.domain.entity.Club.activityImg; nested exception is org.hibernate.HibernateException: Found shared references to a collection: com.msg.gcms.domain.club.domain.entity.Club.activityImg
2023-06-29 17:49:08.552 ERROR 78683 --- [http-nio-8080-exec-3] ExceptionFilter                          : kotlin.Unit
2023-06-29 18:04:09.703 ERROR 79347 --- [http-nio-8080-exec-3] ExceptionFilter                          : Request processing failed; nested exception is org.springframework.orm.jpa.JpaSystemException: Found shared references to a collection: com.msg.gcms.domain.club.domain.entity.Club.activityImg; nested exception is org.hibernate.HibernateException: Found shared references to a collection: com.msg.gcms.domain.club.domain.entity.Club.activityImg
2023-06-29 18:04:09.705 ERROR 79347 --- [http-nio-8080-exec-3] ExceptionFilter                          : kotlin.Unit
2023-06-29 18:14:47.435 ERROR 79802 --- [http-nio-8080-exec-3] ExceptionFilter                          : Request processing failed; nested exception is org.springframework.dao.DataIntegrityViolationException: could not execute statement; SQL [n/a]; constraint [null]; nested exception is org.hibernate.exception.ConstraintViolationException: could not execute statement
2023-06-29 18:14:47.438 ERROR 79802 --- [http-nio-8080-exec-3] ExceptionFilter                          : kotlin.Unit
2023-06-29 20:55:14.283 ERROR 83778 --- [http-nio-8080-exec-3] ExceptionFilter                          : Request processing failed; nested exception is org.springframework.dao.DataIntegrityViolationException: could not execute statement; SQL [n/a]; constraint [null]; nested exception is org.hibernate.exception.ConstraintViolationException: could not execute statement
2023-06-29 20:55:14.285 ERROR 83778 --- [http-nio-8080-exec-3] ExceptionFilter                          : kotlin.Unit
2023-06-29 20:57:41.609 ERROR 83901 --- [http-nio-8080-exec-4] ExceptionFilter                          : Request processing failed; nested exception is gauth.exception.GAuthException: 401
2023-06-29 20:57:41.611 ERROR 83901 --- [http-nio-8080-exec-4] ExceptionFilter                          : kotlin.Unit
2023-06-29 20:58:07.468 ERROR 83901 --- [http-nio-8080-exec-6] ExceptionFilter                          : Request processing failed; nested exception is org.springframework.orm.jpa.JpaSystemException: Found shared references to a collection: com.msg.gcms.domain.club.domain.entity.Club.activityImg; nested exception is org.hibernate.HibernateException: Found shared references to a collection: com.msg.gcms.domain.club.domain.entity.Club.activityImg
2023-06-29 20:58:07.469 ERROR 83901 --- [http-nio-8080-exec-6] ExceptionFilter                          : kotlin.Unit
2023-06-29 20:58:08.628 ERROR 83901 --- [http-nio-8080-exec-7] ExceptionFilter                          : Request processing failed; nested exception is org.springframework.orm.jpa.JpaSystemException: Found shared references to a collection: com.msg.gcms.domain.club.domain.entity.Club.activityImg; nested exception is org.hibernate.HibernateException: Found shared references to a collection: com.msg.gcms.domain.club.domain.entity.Club.activityImg
2023-06-29 20:58:08.629 ERROR 83901 --- [http-nio-8080-exec-7] ExceptionFilter                          : kotlin.Unit
